<?xml version="1.0" encoding="UTF-8" ?>
<testsuite errors="0" failures="0" hostname="ZhaodeMacBook-Pro.local" name="Tests.OnlineStoreTest" skipped="0" tests="9" time="113.049" timestamp="2016-10-20T03:11:14">
  <properties>
    <property name="libs.jsp-compiler.javadoc" value="" />
    <property name="netbeans.autoupdate.country" value="CN" />
    <property name="javac.test.classpath" value="libs/cglib-nodep-3.2.4.jar:libs/client-combined-3.0.0-beta4-nodeps.jar:libs/commons-codec-1.10.jar:libs/commons-exec-1.3.jar:libs/commons-logging-1.2.jar:libs/gson-2.3.1.jar:libs/guava-19.0.jar:libs/hamcrest-core-1.3.jar:libs/hamcrest-library-1.3.jar:libs/httpclient-4.5.2.jar:libs/httpcore-4.4.4.jar:libs/httpmime-4.5.2.jar:libs/jna-4.1.0.jar:libs/jna-platform-4.1.0.jar:libs/junit-4.12.jar:libs/netty-3.5.7.Final.jar:libs/phantomjsdriver-1.3.0.jar:build/classes:/Applications/NetBeans/NetBeans 8.0.2.app/Contents/Resources/NetBeans/platform/modules/ext/junit-4.10.jar:${libs.hamcrest.classpath}" />
    <property name="libs.jsf20.maven-pom" value="" />
    <property name="file.reference.commons-exec-1.3.jar" value="libs/commons-exec-1.3.jar" />
    <property name="libs.junit.javadoc" value="/Applications/NetBeans/NetBeans 8.0.2.app/Contents/Resources/NetBeans/java/docs/junit-3.8.2-api.zip" />
    <property name="libs.spring-webmvc4.0.src" value="" />
    <property name="javac.includes" value="Tests/OnlineStoreTest.java" />
    <property name="ant.core.lib" value="/Applications/NetBeans/NetBeans 8.0.2.app/Contents/Resources/NetBeans/extide/ant/lib/ant.jar" />
    <property name="javadoc.windowtitle" value="" />
    <property name="libs.jsp-compilation.javadoc" value="" />
    <property name="user.dir" value="/Users/Yifan/Downloads/Lecture14/IS2545Deliveralble3" />
    <property name="com.apple.mrj.application.apple.menu.about.name" value="NetBeans" />
    <property name="libs.javaee-api-7.0.src" value="" />
    <property name="java.vm.version" value="25.60-b23" />
    <property name="libs.MyLibrary.src" value="/Users/Yifan/GitHub/IS2545/examples/Lecture15/IS2545Lecture15NetBeans/libs/hamcrest-core-1.3.jar" />
    <property name="libs.MySQLDriver.classpath" value="/Applications/NetBeans/NetBeans 8.0.2.app/Contents/Resources/NetBeans/ide/modules/ext/mysql-connector-java-5.1.23-bin.jar" />
    <property name="libs.eclipselinkmodelgen.src" value="" />
    <property name="javadoc.notree" value="false" />
    <property name="netbeans.autoupdate.version" value="1.23" />
    <property name="libs.EclipseLink-GlassFish-v3.classpath" value="/Users/Yifan/GlassFish_Server/glassfish/modules/org.eclipse.persistence.antlr.jar:/Users/Yifan/GlassFish_Server/glassfish/modules/org.eclipse.persistence.asm.jar:/Users/Yifan/GlassFish_Server/glassfish/modules/org.eclipse.persistence.core.jar:/Users/Yifan/GlassFish_Server/glassfish/modules/org.eclipse.persistence.dbws.jar:/Users/Yifan/GlassFish_Server/glassfish/modules/org.eclipse.persistence.jpa.jar:/Users/Yifan/GlassFish_Server/glassfish/modules/org.eclipse.persistence.jpa.jpql.jar:/Users/Yifan/GlassFish_Server/glassfish/modules/org.eclipse.persistence.jpa.modelgen.processor.jar:/Users/Yifan/GlassFish_Server/glassfish/modules/org.eclipse.persistence.moxy.jar:/Users/Yifan/GlassFish_Server/glassfish/modules/org.eclipse.persistence.oracle.jar:/Users/Yifan/GlassFish_Server/glassfish/modules/javax.persistence.jar" />
    <property name="libs.javaee-web-api-6.0.classpath" value="/Applications/NetBeans/NetBeans 8.0.2.app/Contents/Resources/NetBeans/enterprise/modules/ext/javaee-web-api-6.0.jar" />
    <property name="file.reference.gson-2.3.1.jar" value="libs/gson-2.3.1.jar" />
    <property name="libs.Java-EE-GlassFish-v3-Prelude.javadoc" value="/Applications/NetBeans/NetBeans 8.0.2.app/Contents/Resources/NetBeans/enterprise/docs/javaee-doc-api.jar" />
    <property name="javac.profile.cmd.line.arg" value="" />
    <property name="jdk.home" value="/Library/Java/JavaVirtualMachines/jdk1.8.0_60.jdk/Contents/Home" />
    <property name="libs.javac-api.src" value="" />
    <property name="javadoc.noindex" value="false" />
    <property name="ant.file.type.IS2545Deliveralble3" value="file" />
    <property name="libs.jpa2-persistence.classpath" value="/Applications/NetBeans/NetBeans 8.0.2.app/Contents/Resources/NetBeans/java/modules/ext/hibernate4/hibernate-jpa-2.1-api-1.0.0.Final.jar" />
    <property name="sun.os.patch.level" value="unknown" />
    <property name="libs.Java-EE-GlassFish-v3-Prelude.src" value="" />
    <property name="java.vm.specification.name" value="Java Virtual Machine Specification" />
    <property name="nb.show.statistics.ui" value="usageStatisticsEnabled" />
    <property name="netbeans.autoupdate.variant" value="" />
    <property name="have.tests" value="true" />
    <property name="file.reference.jna-platform-4.1.0.jar" value="libs/jna-platform-4.1.0.jar" />
    <property name="org.xml.sax.driver" value="com.sun.org.apache.xerces.internal.jaxp.SAXParserImpl$JAXPSAXParser" />
    <property name="libs.javac-api.javadoc" value="" />
    <property name="os.name" value="Mac OS X" />
    <property name="libs.beans-binding.classpath" value="/Applications/NetBeans/NetBeans 8.0.2.app/Contents/Resources/NetBeans/java/modules/ext/beansbinding-1.2.1.jar" />
    <property name="libs.javaee-endorsed-api-7.0.maven-pom" value="" />
    <property name="ap.proc.none.internal" value="" />
    <property name="libs.restapi.javadoc" value="" />
    <property name="libs.JWSAntTasks.maven-pom" value="" />
    <property name="libs.jstl.classpath" value="/Applications/NetBeans/NetBeans 8.0.2.app/Contents/Resources/NetBeans/enterprise/modules/ext/jstl-impl.jar:/Applications/NetBeans/NetBeans 8.0.2.app/Contents/Resources/NetBeans/enterprise/modules/ext/jstl-api.jar" />
    <property name="libs.testng.src" value="" />
    <property name="libs.spring-webmvc3.0.src" value="" />
    <property name="libs.restapi.classpath" value="/Applications/NetBeans/NetBeans 8.0.2.app/Contents/Resources/NetBeans/enterprise/modules/ext/jaxrs-2.0/javax.ws.rs-api-2.0.jar" />
    <property name="java.vendor.url.bug" value="http://bugreport.sun.com/bugreport/" />
    <property name="libs.jaxb.maven-pom" value="" />
    <property name="os.arch" value="x86_64" />
    <property name="libs.eclipselink.src" value="" />
    <property name="user.name" value="Yifan" />
    <property name="libs.jsf12.javadoc" value="/Applications/NetBeans/NetBeans 8.0.2.app/Contents/Resources/NetBeans/enterprise/docs/javaee-doc-api.jar" />
    <property name="libs.Comet-GlassFish-v3.javadoc" value="" />
    <property name="copylibs.rebase" value="true" />
    <property name="libs.spring-webmvc3.0.maven-pom" value="" />
    <property name="libs.swing-layout.maven-pom" value="" />
    <property name="sun.java.command" value="org.apache.tools.ant.taskdefs.optional.junit.JUnitTestRunner Tests.OnlineStoreTest skipNonTests=false filtertrace=true haltOnError=false haltOnFailure=false showoutput=true outputtoformatters=true logfailedtests=true threadid=0 logtestlistenerevents=true formatter=org.apache.tools.ant.taskdefs.optional.junit.BriefJUnitResultFormatter formatter=org.apache.tools.ant.taskdefs.optional.junit.XMLJUnitResultFormatter,/Users/Yifan/Downloads/Lecture14/IS2545Deliveralble3/build/test/results/TEST-Tests.OnlineStoreTest.xml crashfile=/Users/Yifan/Downloads/Lecture14/IS2545Deliveralble3/build/junitvmwatcher7274764877469432247.properties propsfile=/Users/Yifan/Downloads/Lecture14/IS2545Deliveralble3/build/junit7313092164315952311.properties" />
    <property name="build.classes.dir" value="build/classes" />
    <property name="netbeans.accept_license_class" value="org.netbeans.license.AcceptLicense" />
    <property name="build.sysclasspath" value="ignore" />
    <property name="ap.supported.internal" value="true" />
    <property name="libs.javaee-endorsed-api-7.0.javadoc" value="/Applications/NetBeans/NetBeans 8.0.2.app/Contents/Resources/NetBeans/enterprise/docs/javaee-doc-api.jar" />
    <property name="libs.jaxws21.javadoc" value="/Applications/NetBeans/NetBeans 8.0.2.app/Contents/Resources/NetBeans/java/docs/jaxws-api-doc.zip" />
    <property name="file.reference.junit-4.12.jar" value="libs/junit-4.12.jar" />
    <property name="libs.spring-webmvc4.0.javadoc" value="" />
    <property name="includes" value="**" />
    <property name="user.country" value="CN" />
    <property name="javadoc.encoding" value="UTF-8" />
    <property name="platform.home" value="/Library/Java/JavaVirtualMachines/jdk1.8.0_60.jdk/Contents/Home" />
    <property name="javac.classpath" value="libs/cglib-nodep-3.2.4.jar:libs/client-combined-3.0.0-beta4-nodeps.jar:libs/commons-codec-1.10.jar:libs/commons-exec-1.3.jar:libs/commons-logging-1.2.jar:libs/gson-2.3.1.jar:libs/guava-19.0.jar:libs/hamcrest-core-1.3.jar:libs/hamcrest-library-1.3.jar:libs/httpclient-4.5.2.jar:libs/httpcore-4.4.4.jar:libs/httpmime-4.5.2.jar:libs/jna-4.1.0.jar:libs/jna-platform-4.1.0.jar:libs/junit-4.12.jar:libs/netty-3.5.7.Final.jar:libs/phantomjsdriver-1.3.0.jar" />
    <property name="libs.jsp-compilation-syscp.src" value="" />
    <property name="libs.JAVADB_DRIVER_LABEL.src" value="" />
    <property name="libs.spring-framework400.classpath" value="/Applications/NetBeans/NetBeans 8.0.2.app/Contents/Resources/NetBeans/ide/modules/org-apache-commons-logging.jar:/Applications/NetBeans/NetBeans 8.0.2.app/Contents/Resources/NetBeans/java/modules/ext/cglib-2.2.jar:/Applications/NetBeans/NetBeans 8.0.2.app/Contents/Resources/NetBeans/java/modules/ext/spring-4/spring-aop-4.0.1.RELEASE.jar:/Applications/NetBeans/NetBeans 8.0.2.app/Contents/Resources/NetBeans/java/modules/ext/spring-4/spring-aspects-4.0.1.RELEASE.jar:/Applications/NetBeans/NetBeans 8.0.2.app/Contents/Resources/NetBeans/java/modules/ext/spring-4/spring-beans-4.0.1.RELEASE.jar:/Applications/NetBeans/NetBeans 8.0.2.app/Contents/Resources/NetBeans/java/modules/ext/spring-4/spring-build-src-4.0.1.RELEASE.jar:/Applications/NetBeans/NetBeans 8.0.2.app/Contents/Resources/NetBeans/java/modules/ext/spring-4/spring-context-4.0.1.RELEASE.jar:/Applications/NetBeans/NetBeans 8.0.2.app/Contents/Resources/NetBeans/java/modules/ext/spring-4/spring-context-support-4.0.1.RELEASE.jar:/Applications/NetBeans/NetBeans 8.0.2.app/Contents/Resources/NetBeans/java/modules/ext/spring-4/spring-core-4.0.1.RELEASE.jar:/Applications/NetBeans/NetBeans 8.0.2.app/Contents/Resources/NetBeans/java/modules/ext/spring-4/spring-expression-4.0.1.RELEASE.jar:/Applications/NetBeans/NetBeans 8.0.2.app/Contents/Resources/NetBeans/java/modules/ext/spring-4/spring-framework-bom-4.0.1.RELEASE.jar:/Applications/NetBeans/NetBeans 8.0.2.app/Contents/Resources/NetBeans/java/modules/ext/spring-4/spring-instrument-4.0.1.RELEASE.jar:/Applications/NetBeans/NetBeans 8.0.2.app/Contents/Resources/NetBeans/java/modules/ext/spring-4/spring-instrument-tomcat-4.0.1.RELEASE.jar:/Applications/NetBeans/NetBeans 8.0.2.app/Contents/Resources/NetBeans/java/modules/ext/spring-4/spring-jdbc-4.0.1.RELEASE.jar:/Applications/NetBeans/NetBeans 8.0.2.app/Contents/Resources/NetBeans/java/modules/ext/spring-4/spring-jms-4.0.1.RELEASE.jar:/Applications/NetBeans/NetBeans 8.0.2.app/Contents/Resources/NetBeans/java/modules/ext/spring-4/spring-messaging-4.0.1.RELEASE.jar:/Applications/NetBeans/NetBeans 8.0.2.app/Contents/Resources/NetBeans/java/modules/ext/spring-4/spring-orm-4.0.1.RELEASE.jar:/Applications/NetBeans/NetBeans 8.0.2.app/Contents/Resources/NetBeans/java/modules/ext/spring-4/spring-oxm-4.0.1.RELEASE.jar:/Applications/NetBeans/NetBeans 8.0.2.app/Contents/Resources/NetBeans/java/modules/ext/spring-4/spring-test-4.0.1.RELEASE.jar:/Applications/NetBeans/NetBeans 8.0.2.app/Contents/Resources/NetBeans/java/modules/ext/spring-4/spring-tx-4.0.1.RELEASE.jar:/Applications/NetBeans/NetBeans 8.0.2.app/Contents/Resources/NetBeans/java/modules/ext/spring-4/spring-web-4.0.1.RELEASE.jar:/Applications/NetBeans/NetBeans 8.0.2.app/Contents/Resources/NetBeans/java/modules/ext/spring-4/spring-webmvc-4.0.1.RELEASE.jar:/Applications/NetBeans/NetBeans 8.0.2.app/Contents/Resources/NetBeans/java/modules/ext/spring-4/spring-webmvc-portlet-4.0.1.RELEASE.jar:/Applications/NetBeans/NetBeans 8.0.2.app/Contents/Resources/NetBeans/java/modules/ext/spring-4/spring-websocket-4.0.1.RELEASE.jar" />
    <property name="platform.bootcp" value="/Library/Java/JavaVirtualMachines/jdk1.8.0_60.jdk/Contents/Home/jre/lib/resources.jar:/Library/Java/JavaVirtualMachines/jdk1.8.0_60.jdk/Contents/Home/jre/lib/rt.jar:/Library/Java/JavaVirtualMachines/jdk1.8.0_60.jdk/Contents/Home/jre/lib/sunrsasign.jar:/Library/Java/JavaVirtualMachines/jdk1.8.0_60.jdk/Contents/Home/jre/lib/jsse.jar:/Library/Java/JavaVirtualMachines/jdk1.8.0_60.jdk/Contents/Home/jre/lib/jce.jar:/Library/Java/JavaVirtualMachines/jdk1.8.0_60.jdk/Contents/Home/jre/lib/charsets.jar:/Library/Java/JavaVirtualMachines/jdk1.8.0_60.jdk/Contents/Home/jre/lib/jfr.jar:/Library/Java/JavaVirtualMachines/jdk1.8.0_60.jdk/Contents/Home/jre/classes:/Library/Java/JavaVirtualMachines/jdk1.8.0_60.jdk/Contents/Home/jre/lib/ext/cldrdata.jar:/Library/Java/JavaVirtualMachines/jdk1.8.0_60.jdk/Contents/Home/jre/lib/ext/dnsns.jar:/Library/Java/JavaVirtualMachines/jdk1.8.0_60.jdk/Contents/Home/jre/lib/ext/jaccess.jar:/Library/Java/JavaVirtualMachines/jdk1.8.0_60.jdk/Contents/Home/jre/lib/ext/jfxrt.jar:/Library/Java/JavaVirtualMachines/jdk1.8.0_60.jdk/Contents/Home/jre/lib/ext/localedata.jar:/Library/Java/JavaVirtualMachines/jdk1.8.0_60.jdk/Contents/Home/jre/lib/ext/nashorn.jar:/Library/Java/JavaVirtualMachines/jdk1.8.0_60.jdk/Contents/Home/jre/lib/ext/sunec.jar:/Library/Java/JavaVirtualMachines/jdk1.8.0_60.jdk/Contents/Home/jre/lib/ext/sunjce_provider.jar:/Library/Java/JavaVirtualMachines/jdk1.8.0_60.jdk/Contents/Home/jre/lib/ext/sunpkcs11.jar:/Library/Java/JavaVirtualMachines/jdk1.8.0_60.jdk/Contents/Home/jre/lib/ext/zipfs.jar:/System/Library/Java/Extensions/MRJToolkit.jar" />
    <property name="debug-transport" value="dt_socket" />
    <property name="netbeans.home" value="/Applications/NetBeans/NetBeans 8.0.2.app/Contents/Resources/NetBeans/platform" />
    <property name="build.compiler.emacs" value="true" />
    <property name="libs.javaee-web-api-6.0.src" value="" />
    <property name="libs.jsp-compilation-syscp.classpath" value="/Applications/NetBeans/NetBeans 8.0.2.app/Contents/Resources/NetBeans/extide/ant/lib/ant.jar:/Applications/NetBeans/NetBeans 8.0.2.app/Contents/Resources/NetBeans/enterprise/modules/ext/servlet3.1-jsp2.3-api.jar:/Applications/NetBeans/NetBeans 8.0.2.app/Contents/Resources/NetBeans/enterprise/modules/ext/glassfish-jspparser-4.0.jar:/Applications/NetBeans/NetBeans 8.0.2.app/Contents/Resources/NetBeans/enterprise/modules/ext/jstl-impl.jar:/Applications/NetBeans/NetBeans 8.0.2.app/Contents/Resources/NetBeans/enterprise/modules/ext/jsf-2_2/javax.faces.jar" />
    <property name="java.endorsed.dirs" value="/Library/Java/JavaVirtualMachines/jdk1.8.0_60.jdk/Contents/Home/jre/lib/endorsed" />
    <property name="libs.Comet-GlassFish-v3.maven-pom" value="" />
    <property name="test.includes" value="Tests/OnlineStoreTest.java" />
    <property name="netbeans.dynamic.classpath" value="/Applications/NetBeans/NetBeans 8.0.2.app/Contents/Resources/NetBeans/platform/core/core.jar:/Applications/NetBeans/NetBeans 8.0.2.app/Contents/Resources/NetBeans/platform/core/org-openide-filesystems.jar:/Applications/NetBeans/NetBeans 8.0.2.app/Contents/Resources/NetBeans/platform/core/locale/core_ja.jar:/Applications/NetBeans/NetBeans 8.0.2.app/Contents/Resources/NetBeans/platform/core/locale/core_pt_BR.jar:/Applications/NetBeans/NetBeans 8.0.2.app/Contents/Resources/NetBeans/platform/core/locale/core_ru.jar:/Applications/NetBeans/NetBeans 8.0.2.app/Contents/Resources/NetBeans/platform/core/locale/core_zh_CN.jar:/Applications/NetBeans/NetBeans 8.0.2.app/Contents/Resources/NetBeans/platform/core/locale/org-openide-filesystems_ja.jar:/Applications/NetBeans/NetBeans 8.0.2.app/Contents/Resources/NetBeans/platform/core/locale/org-openide-filesystems_pt_BR.jar:/Applications/NetBeans/NetBeans 8.0.2.app/Contents/Resources/NetBeans/platform/core/locale/org-openide-filesystems_ru.jar:/Applications/NetBeans/NetBeans 8.0.2.app/Contents/Resources/NetBeans/platform/core/locale/org-openide-filesystems_zh_CN.jar:/Applications/NetBeans/NetBeans 8.0.2.app/Contents/Resources/NetBeans/nb/core/org-netbeans-upgrader.jar:/Applications/NetBeans/NetBeans 8.0.2.app/Contents/Resources/NetBeans/nb/core/locale/core_nb.jar:/Applications/NetBeans/NetBeans 8.0.2.app/Contents/Resources/NetBeans/nb/core/locale/core_nb_ja.jar:/Applications/NetBeans/NetBeans 8.0.2.app/Contents/Resources/NetBeans/nb/core/locale/core_nb_pt_BR.jar:/Applications/NetBeans/NetBeans 8.0.2.app/Contents/Resources/NetBeans/nb/core/locale/core_nb_ru.jar:/Applications/NetBeans/NetBeans 8.0.2.app/Contents/Resources/NetBeans/nb/core/locale/core_nb_zh_CN.jar:/Applications/NetBeans/NetBeans 8.0.2.app/Contents/Resources/NetBeans/nb/core/locale/org-netbeans-upgrader_ja.jar:/Applications/NetBeans/NetBeans 8.0.2.app/Contents/Resources/NetBeans/nb/core/locale/org-netbeans-upgrader_pt_BR.jar:/Applications/NetBeans/NetBeans 8.0.2.app/Contents/Resources/NetBeans/nb/core/locale/org-netbeans-upgrader_ru.jar:/Applications/NetBeans/NetBeans 8.0.2.app/Contents/Resources/NetBeans/nb/core/locale/org-netbeans-upgrader_zh_CN.jar" />
    <property name="java.vm.specification.version" value="1.8" />
    <property name="libs.hibernate4-support.src" value="" />
    <property name="libs.primefaces.classpath" value="/Applications/NetBeans/NetBeans 8.0.2.app/Contents/Resources/NetBeans/enterprise/modules/ext/primefaces/primefaces-5.0.jar" />
    <property name="libs.javaee-api-6.0.classpath" value="/Applications/NetBeans/NetBeans 8.0.2.app/Contents/Resources/NetBeans/enterprise/modules/ext/javaee-api-6.0.jar" />
    <property name="ftp.nonProxyHosts" value="local|*.local|169.254/16|*.169.254/16" />
    <property name="netbeans.productversion" value="NetBeans IDE 8.0.2 (Build 201411181905)" />
    <property name="libs.jaxws21.src" value="" />
    <property name="do.archive" value="true" />
    <property name="netbeans.autoupdate.language" value="zh" />
    <property name="java.vendor" value="Oracle Corporation" />
    <property name="file.reference.commons-codec-1.10.jar" value="libs/commons-codec-1.10.jar" />
    <property name="libs.javaee-api-6.0.javadoc" value="/Applications/NetBeans/NetBeans 8.0.2.app/Contents/Resources/NetBeans/enterprise/docs/javaee-doc-api.jar" />
    <property name="sun.font.fontmanager" value="sun.font.CFontManager" />
    <property name="jar.index.metainf" value="false" />
    <property name="javac.debug" value="true" />
    <property name="javadoc.splitindex" value="true" />
    <property name="file.separator" value="/" />
    <property name="libs.Java-EE-GlassFish-v3-Prelude.maven-pom" value="" />
    <property name="javac.includesfile.binary" value="/Users/Yifan/Downloads/Lecture14/IS2545Deliveralble3/null1961782933" />
    <property name="libs.junit_4.maven-pom" value="" />
    <property name="mkdist.disabled" value="true" />
    <property name="javac.test.processorpath" value="libs/cglib-nodep-3.2.4.jar:libs/client-combined-3.0.0-beta4-nodeps.jar:libs/commons-codec-1.10.jar:libs/commons-exec-1.3.jar:libs/commons-logging-1.2.jar:libs/gson-2.3.1.jar:libs/guava-19.0.jar:libs/hamcrest-core-1.3.jar:libs/hamcrest-library-1.3.jar:libs/httpclient-4.5.2.jar:libs/httpcore-4.4.4.jar:libs/httpmime-4.5.2.jar:libs/jna-4.1.0.jar:libs/jna-platform-4.1.0.jar:libs/junit-4.12.jar:libs/netty-3.5.7.Final.jar:libs/phantomjsdriver-1.3.0.jar:build/classes:/Applications/NetBeans/NetBeans 8.0.2.app/Contents/Resources/NetBeans/platform/modules/ext/junit-4.10.jar:${libs.hamcrest.classpath}" />
    <property name="netbeans.buildnumber" value="201411181905" />
    <property name="libs.JWSAntTasks.javadoc" value="" />
    <property name="build.generated.sources.dir" value="build/generated-sources" />
    <property name="libs.eclipselinkmodelgen.classpath" value="/Applications/NetBeans/NetBeans 8.0.2.app/Contents/Resources/NetBeans/java/modules/ext/eclipselink/org.eclipse.persistence.jpa.modelgen_2.5.2.v20140319-9ad6abd.jar" />
    <property name="libs.javaee-endorsed-api-7.0.src" value="" />
    <property name="sun.java.launcher" value="SUN_STANDARD" />
    <property name="libs.junit.classpath" value="/Applications/NetBeans/NetBeans 8.0.2.app/Contents/Resources/NetBeans/java/modules/ext/junit-3.8.2.jar" />
    <property name="libs.hibernate4-persistencemodelgen.javadoc" value="" />
    <property name="libs.jaxb.javadoc" value="/Applications/NetBeans/NetBeans 8.0.2.app/Contents/Resources/NetBeans/ide/docs/jaxb-api-doc.zip" />
    <property name="libs.struts.classpath" value="/Applications/NetBeans/NetBeans 8.0.2.app/Contents/Resources/NetBeans/enterprise/modules/ext/struts/antlr-2.7.2.jar:/Applications/NetBeans/NetBeans 8.0.2.app/Contents/Resources/NetBeans/enterprise/modules/ext/struts/bsf-2.3.0.jar:/Applications/NetBeans/NetBeans 8.0.2.app/Contents/Resources/NetBeans/enterprise/modules/ext/struts/commons-beanutils-1.8.0.jar:/Applications/NetBeans/NetBeans 8.0.2.app/Contents/Resources/NetBeans/enterprise/modules/ext/struts/commons-chain-1.2.jar:/Applications/NetBeans/NetBeans 8.0.2.app/Contents/Resources/NetBeans/enterprise/modules/ext/struts/commons-digester-1.8.jar:/Applications/NetBeans/NetBeans 8.0.2.app/Contents/Resources/NetBeans/enterprise/modules/ext/struts/commons-fileupload-1.1.1.jar:/Applications/NetBeans/NetBeans 8.0.2.app/Contents/Resources/NetBeans/enterprise/modules/ext/struts/commons-io-1.1.jar:/Applications/NetBeans/NetBeans 8.0.2.app/Contents/Resources/NetBeans/enterprise/modules/ext/struts/commons-logging-1.0.4.jar:/Applications/NetBeans/NetBeans 8.0.2.app/Contents/Resources/NetBeans/enterprise/modules/ext/struts/commons-validator-1.3.1.jar:/Applications/NetBeans/NetBeans 8.0.2.app/Contents/Resources/NetBeans/enterprise/modules/ext/struts/jstl-1.0.2.jar:/Applications/NetBeans/NetBeans 8.0.2.app/Contents/Resources/NetBeans/enterprise/modules/ext/struts/oro-2.0.8.jar:/Applications/NetBeans/NetBeans 8.0.2.app/Contents/Resources/NetBeans/enterprise/modules/ext/struts/standard-1.0.6.jar:/Applications/NetBeans/NetBeans 8.0.2.app/Contents/Resources/NetBeans/enterprise/modules/ext/struts/struts-core-1.3.10.jar:/Applications/NetBeans/NetBeans 8.0.2.app/Contents/Resources/NetBeans/enterprise/modules/ext/struts/struts-el-1.3.10.jar:/Applications/NetBeans/NetBeans 8.0.2.app/Contents/Resources/NetBeans/enterprise/modules/ext/struts/struts-extras-1.3.10.jar:/Applications/NetBeans/NetBeans 8.0.2.app/Contents/Resources/NetBeans/enterprise/modules/ext/struts/struts-faces-1.3.10.jar:/Applications/NetBeans/NetBeans 8.0.2.app/Contents/Resources/NetBeans/enterprise/modules/ext/struts/struts-mailreader-dao-1.3.10.jar:/Applications/NetBeans/NetBeans 8.0.2.app/Contents/Resources/NetBeans/enterprise/modules/ext/struts/struts-scripting-1.3.10.jar:/Applications/NetBeans/NetBeans 8.0.2.app/Contents/Resources/NetBeans/enterprise/modules/ext/struts/struts-taglib-1.3.10.jar:/Applications/NetBeans/NetBeans 8.0.2.app/Contents/Resources/NetBeans/enterprise/modules/ext/struts/struts-tiles-1.3.10.jar" />
    <property name="javac.includes.binary" value="/Users/Yifan/Downloads/Lecture14/IS2545Deliveralble3/build/test/classes/Tests/OnlineStoreTest.class" />
    <property name="ant.home" value="/Applications/NetBeans/NetBeans 8.0.2.app/Contents/Resources/NetBeans/extide/ant" />
    <property name="libs.junit_4.src" value="/Applications/NetBeans/NetBeans 8.0.2.app/Contents/Resources/NetBeans/java/docs/junit-4.10-sources.jar" />
    <property name="libs.testng.classpath" value="/Applications/NetBeans/NetBeans 8.0.2.app/Contents/Resources/NetBeans/platform/modules/ext/testng-6.8.1-dist.jar" />
    <property name="libs.absolutelayout.maven-pom" value="" />
    <property name="ant.java.version" value="1.8" />
    <property name="java.library.path" value="/Users/Yifan/Library/Java/Extensions:/Library/Java/Extensions:/Network/Library/Java/Extensions:/System/Library/Java/Extensions:/usr/lib/java:." />
    <property name="javadoc.author" value="false" />
    <property name="libs.metro.maven-pom" value="" />
    <property name="libs.EclipseLink-GlassFish-v3.src" value="" />
    <property name="java.util.logging.config.class" value="org.netbeans.core.startup.TopLogging" />
    <property name="file.reference.hamcrest-library-1.3.jar" value="libs/hamcrest-library-1.3.jar" />
    <property name="libs.spring-framework400.src" value="" />
    <property name="libs.PostgreSQLDriver.src" value="" />
    <property name="sun.arch.data.model" value="64" />
    <property name="basedir" value="/Users/Yifan/Downloads/Lecture14/IS2545Deliveralble3" />
    <property name="libs.jpa20-persistence.maven-pom" value="" />
    <property name="file.reference.phantomjsdriver-1.3.0.jar" value="libs/phantomjsdriver-1.3.0.jar" />
    <property name="jar.compress" value="false" />
    <property name="file.reference.jna-4.1.0.jar" value="libs/jna-4.1.0.jar" />
    <property name="libs.javaee-web-api-7.0.classpath" value="/Applications/NetBeans/NetBeans 8.0.2.app/Contents/Resources/NetBeans/enterprise/modules/ext/javaee-web-api-7.0.jar" />
    <property name="path.separator" value=":" />
    <property name="libs.javaee-web-api-6.0.javadoc" value="/Applications/NetBeans/NetBeans 8.0.2.app/Contents/Resources/NetBeans/enterprise/docs/javaee-doc-api.jar" />
    <property name="ant.junit.enabletestlistenerevents" value="true" />
    <property name="platform.javac" value="/Library/Java/JavaVirtualMachines/jdk1.8.0_60.jdk/Contents/Home/bin/javac" />
    <property name="sun.io.unicode.encoding" value="UnicodeBig" />
    <property name="ant.file.IS2545Deliveralble3" value="/Users/Yifan/Downloads/Lecture14/IS2545Deliveralble3/build.xml" />
    <property name="libs.jaxws21.classpath" value="/Applications/NetBeans/NetBeans 8.0.2.app/Contents/Resources/NetBeans/ide/modules/ext/jaxb/jaxb-impl.jar:/Applications/NetBeans/NetBeans 8.0.2.app/Contents/Resources/NetBeans/ide/modules/ext/jaxb/jaxb-xjc.jar:/Applications/NetBeans/NetBeans 8.0.2.app/Contents/Resources/NetBeans/java/modules/ext/jaxws22/FastInfoset.jar:/Applications/NetBeans/NetBeans 8.0.2.app/Contents/Resources/NetBeans/java/modules/ext/jaxws22/gmbal-api-only.jar:/Applications/NetBeans/NetBeans 8.0.2.app/Contents/Resources/NetBeans/java/modules/ext/jaxws22/ha-api.jar:/Applications/NetBeans/NetBeans 8.0.2.app/Contents/Resources/NetBeans/java/modules/ext/jaxws22/javax.mail_1.4.jar:/Applications/NetBeans/NetBeans 8.0.2.app/Contents/Resources/NetBeans/java/modules/ext/jaxws22/jaxws-rt.jar:/Applications/NetBeans/NetBeans 8.0.2.app/Contents/Resources/NetBeans/java/modules/ext/jaxws22/jaxws-tools.jar:/Applications/NetBeans/NetBeans 8.0.2.app/Contents/Resources/NetBeans/java/modules/ext/jaxws22/management-api.jar:/Applications/NetBeans/NetBeans 8.0.2.app/Contents/Resources/NetBeans/java/modules/ext/jaxws22/mimepull.jar:/Applications/NetBeans/NetBeans 8.0.2.app/Contents/Resources/NetBeans/java/modules/ext/jaxws22/policy.jar:/Applications/NetBeans/NetBeans 8.0.2.app/Contents/Resources/NetBeans/java/modules/ext/jaxws22/saaj-impl.jar:/Applications/NetBeans/NetBeans 8.0.2.app/Contents/Resources/NetBeans/java/modules/ext/jaxws22/stax-ex.jar:/Applications/NetBeans/NetBeans 8.0.2.app/Contents/Resources/NetBeans/java/modules/ext/jaxws22/stax2-api.jar:/Applications/NetBeans/NetBeans 8.0.2.app/Contents/Resources/NetBeans/java/modules/ext/jaxws22/streambuffer.jar:/Applications/NetBeans/NetBeans 8.0.2.app/Contents/Resources/NetBeans/java/modules/ext/jaxws22/woodstox-core-asl.jar:/Applications/NetBeans/NetBeans 8.0.2.app/Contents/Resources/NetBeans/java/modules/ext/jaxws22/api/jaxws-api.jar:/Applications/NetBeans/NetBeans 8.0.2.app/Contents/Resources/NetBeans/java/modules/ext/jaxws22/api/jsr181-api.jar:/Applications/NetBeans/NetBeans 8.0.2.app/Contents/Resources/NetBeans/java/modules/ext/jaxws22/api/javax.annotation.jar:/Applications/NetBeans/NetBeans 8.0.2.app/Contents/Resources/NetBeans/java/modules/ext/jaxws22/api/saaj-api.jar:/Applications/NetBeans/NetBeans 8.0.2.app/Contents/Resources/NetBeans/ide/modules/ext/jaxb/activation.jar:/Applications/NetBeans/NetBeans 8.0.2.app/Contents/Resources/NetBeans/ide/modules/ext/jaxb/api/jaxb-api.jar:/Applications/NetBeans/NetBeans 8.0.2.app/Contents/Resources/NetBeans/ide/modules/ext/jaxb/api/jsr173_1.0_api.jar" />
    <property name="libs.struts.src" value="" />
    <property name="apple.awt.graphics.UseQuartz" value="true" />
    <property name="user.language" value="zh" />
    <property name="testng.mode" value="testng" />
    <property name="libs.JAXB-ENDORSED.maven-pom" value="" />
    <property name="libs.eclipselink.maven-pom" value="" />
    <property name="test.binaryincludes" value="&lt;nothing&gt;" />
    <property name="libs.primefaces.javadoc" value="" />
    <property name="libs.spring-framework300.maven-pom" value="" />
    <property name="run.test.classpath" value="libs/cglib-nodep-3.2.4.jar:libs/client-combined-3.0.0-beta4-nodeps.jar:libs/commons-codec-1.10.jar:libs/commons-exec-1.3.jar:libs/commons-logging-1.2.jar:libs/gson-2.3.1.jar:libs/guava-19.0.jar:libs/hamcrest-core-1.3.jar:libs/hamcrest-library-1.3.jar:libs/httpclient-4.5.2.jar:libs/httpcore-4.4.4.jar:libs/httpmime-4.5.2.jar:libs/jna-4.1.0.jar:libs/jna-platform-4.1.0.jar:libs/junit-4.12.jar:libs/netty-3.5.7.Final.jar:libs/phantomjsdriver-1.3.0.jar:build/classes:/Applications/NetBeans/NetBeans 8.0.2.app/Contents/Resources/NetBeans/platform/modules/ext/junit-4.10.jar:${libs.hamcrest.classpath}:build/test/classes" />
    <property name="ant.file.type.IS2545Deliveralble3-impl" value="file" />
    <property name="ant.project.invoked-targets" value="test-single" />
    <property name="test.binaryexcludes" value="" />
    <property name="libs.swing-layout.javadoc" value="/Applications/NetBeans/NetBeans 8.0.2.app/Contents/Resources/NetBeans/platform/docs/swing-layout-1.0.4-doc.zip" />
    <property name="sun.java2d.dpiaware" value="true" />
    <property name="libs.hibernate4-persistence.maven-pom" value="" />
    <property name="gopherProxySet" value="false" />
    <property name="https.nonProxyHosts" value="localhost|127.0.0.1|ZhaodeMacBook-Pro.local" />
    <property name="libs.PostgreSQLDriver.maven-pom" value="" />
    <property name="java.class.version" value="52.0" />
    <property name="libs.JAVADB_DRIVER_LABEL.classpath" value="/Library/Java/JavaVirtualMachines/jdk1.8.0_60.jdk/Contents/Home/db/lib/derby.jar:/Library/Java/JavaVirtualMachines/jdk1.8.0_60.jdk/Contents/Home/db/lib/derbyclient.jar:/Library/Java/JavaVirtualMachines/jdk1.8.0_60.jdk/Contents/Home/db/lib/derbynet.jar" />
    <property name="file.reference.httpmime-4.5.2.jar" value="libs/httpmime-4.5.2.jar" />
    <property name="libs.hibernate4-persistencemodelgen.maven-pom" value="" />
    <property name="libs.javaee-endorsed-api-6.0.src" value="" />
    <property name="libs.eclipselink.javadoc" value="/Applications/NetBeans/NetBeans 8.0.2.app/Contents/Resources/NetBeans/java/modules/ext/docs/javax.persistence-2.1.0-doc.zip" />
    <property name="platforms.JDK_1.8.compiler" value="modern" />
    <property name="libs.jsp-compilation.maven-pom" value="" />
    <property name="user.properties.file" value="/Users/Yifan/Library/Application Support/NetBeans/8.0.2/build.properties" />
    <property name="runtime.encoding" value="UTF-8" />
    <property name="libs.javac-api.maven-pom" value="" />
    <property name="libs.javaee-api-5.0.maven-pom" value="" />
    <property name="file.encoding.pkg" value="sun.io" />
    <property name="sun.cpu.endian" value="little" />
    <property name="libs.JAXB-ENDORSED.javadoc" value="" />
    <property name="file.reference.httpcore-4.4.4.jar" value="libs/httpcore-4.4.4.jar" />
    <property name="libs.JWSAntTasks.classpath" value="/Applications/NetBeans/NetBeans 8.0.2.app/Contents/Resources/NetBeans/java/ant/extra/org-netbeans-modules-javawebstart-anttasks.jar" />
    <property name="libs.spring-webmvc4.0.maven-pom" value="" />
    <property name="libs.spring-framework300.src" value="" />
    <property name="file.reference.cglib-nodep-3.2.4.jar" value="libs/cglib-nodep-3.2.4.jar" />
    <property name="libs.jstl.src" value="" />
    <property name="empty.dir" value="/Users/Yifan/Downloads/Lecture14/IS2545Deliveralble3/build/empty" />
    <property name="version-output" value="java version &quot;1.8.0_60&quot;&#xa;Java(TM) SE Runtime Environment (build 1.8.0_60-b27)&#xa;Java HotSpot(TM) 64-Bit Server VM (build 25.60-b23, mixed mode)" />
    <property name="test.binarytestincludes" value="" />
    <property name="libs.hibernate4-persistencemodelgen.src" value="" />
    <property name="javadoc.preview" value="true" />
    <property name="socksNonProxyHosts" value="local|*.local|169.254/16|*.169.254/16" />
    <property name="libs.jpa20-persistence.javadoc" value="/Applications/NetBeans/NetBeans 8.0.2.app/Contents/Resources/NetBeans/java/modules/ext/docs/javax.persistence-2.1.0-doc.zip" />
    <property name="java.home" value="/Library/Java/JavaVirtualMachines/jdk1.8.0_60.jdk/Contents/Home/jre" />
    <property name="libs.jsp-compilation.src" value="" />
    <property name="debug.test.classpath" value="libs/cglib-nodep-3.2.4.jar:libs/client-combined-3.0.0-beta4-nodeps.jar:libs/commons-codec-1.10.jar:libs/commons-exec-1.3.jar:libs/commons-logging-1.2.jar:libs/gson-2.3.1.jar:libs/guava-19.0.jar:libs/hamcrest-core-1.3.jar:libs/hamcrest-library-1.3.jar:libs/httpclient-4.5.2.jar:libs/httpcore-4.4.4.jar:libs/httpmime-4.5.2.jar:libs/jna-4.1.0.jar:libs/jna-platform-4.1.0.jar:libs/junit-4.12.jar:libs/netty-3.5.7.Final.jar:libs/phantomjsdriver-1.3.0.jar:build/classes:/Applications/NetBeans/NetBeans 8.0.2.app/Contents/Resources/NetBeans/platform/modules/ext/junit-4.10.jar:${libs.hamcrest.classpath}:build/test/classes" />
    <property name="libs.javaee-endorsed-api-6.0.classpath" value="/Applications/NetBeans/NetBeans 8.0.2.app/Contents/Resources/NetBeans/enterprise/modules/ext/javaee6-endorsed/javax.annotation.jar:/Applications/NetBeans/NetBeans 8.0.2.app/Contents/Resources/NetBeans/enterprise/modules/ext/javaee6-endorsed/jaxb-api-osgi.jar:/Applications/NetBeans/NetBeans 8.0.2.app/Contents/Resources/NetBeans/enterprise/modules/ext/javaee6-endorsed/webservices-api-osgi.jar" />
    <property name="libs.javaee-api-6.0.src" value="" />
    <property name="netbeans.importclass" value="org.netbeans.upgrade.AutoUpgrade" />
    <property name="ant.project.default-target" value="default" />
    <property name="annotation.processing.run.all.processors" value="true" />
    <property name="libs.MyLibrary.classpath" value="/Users/Yifan/GitHub/IS2545/examples/Lecture15/IS2545Lecture15NetBeans/libs/hamcrest-core-1.3.jar" />
    <property name="file.reference.guava-19.0.jar" value="libs/guava-19.0.jar" />
    <property name="libs.PostgreSQLDriver.javadoc" value="" />
    <property name="libs.restlib.classpath" value="/Applications/NetBeans/NetBeans 8.0.2.app/Contents/Resources/NetBeans/enterprise/modules/ext/jersey2/ext/asm-all-repackaged-2.2.0-b21.jar:/Applications/NetBeans/NetBeans 8.0.2.app/Contents/Resources/NetBeans/enterprise/modules/ext/jersey2/ext/cglib-2.2.0-b21.jar:/Applications/NetBeans/NetBeans 8.0.2.app/Contents/Resources/NetBeans/enterprise/modules/ext/jersey2/ext/guava-14.0.1.jar:/Applications/NetBeans/NetBeans 8.0.2.app/Contents/Resources/NetBeans/enterprise/modules/ext/jersey2/ext/hk2-api-2.2.0-b21.jar:/Applications/NetBeans/NetBeans 8.0.2.app/Contents/Resources/NetBeans/enterprise/modules/ext/jersey2/ext/hk2-locator-2.2.0-b21.jar:/Applications/NetBeans/NetBeans 8.0.2.app/Contents/Resources/NetBeans/enterprise/modules/ext/jersey2/ext/hk2-utils-2.2.0-b21.jar:/Applications/NetBeans/NetBeans 8.0.2.app/Contents/Resources/NetBeans/enterprise/modules/ext/jersey2/ext/javax.annotation-api-1.2.jar:/Applications/NetBeans/NetBeans 8.0.2.app/Contents/Resources/NetBeans/enterprise/modules/ext/jersey2/ext/javax.inject-2.2.0-b21.jar:/Applications/NetBeans/NetBeans 8.0.2.app/Contents/Resources/NetBeans/enterprise/modules/ext/jersey2/ext/javax.servlet-api-3.0.1.jar:/Applications/NetBeans/NetBeans 8.0.2.app/Contents/Resources/NetBeans/enterprise/modules/ext/jersey2/ext/jaxb-api-2.2.7.jar:/Applications/NetBeans/NetBeans 8.0.2.app/Contents/Resources/NetBeans/enterprise/modules/ext/jersey2/ext/jersey-entity-filtering-2.5.1.jar:/Applications/NetBeans/NetBeans 8.0.2.app/Contents/Resources/NetBeans/enterprise/modules/ext/jersey2/ext/jersey-media-moxy-2.5.1.jar:/Applications/NetBeans/NetBeans 8.0.2.app/Contents/Resources/NetBeans/enterprise/modules/ext/jersey2/ext/org.osgi.core-4.2.0.jar:/Applications/NetBeans/NetBeans 8.0.2.app/Contents/Resources/NetBeans/enterprise/modules/ext/jersey2/ext/osgi-resource-locator-1.0.1.jar:/Applications/NetBeans/NetBeans 8.0.2.app/Contents/Resources/NetBeans/enterprise/modules/ext/jersey2/ext/persistence-api-1.0.jar:/Applications/NetBeans/NetBeans 8.0.2.app/Contents/Resources/NetBeans/enterprise/modules/ext/jersey2/ext/validation-api-1.1.0.Final.jar:/Applications/NetBeans/NetBeans 8.0.2.app/Contents/Resources/NetBeans/enterprise/modules/ext/jersey2/jersey-client.jar:/Applications/NetBeans/NetBeans 8.0.2.app/Contents/Resources/NetBeans/enterprise/modules/ext/jersey2/jersey-common.jar:/Applications/NetBeans/NetBeans 8.0.2.app/Contents/Resources/NetBeans/enterprise/modules/ext/jersey2/jersey-container-servlet.jar:/Applications/NetBeans/NetBeans 8.0.2.app/Contents/Resources/NetBeans/enterprise/modules/ext/jersey2/jersey-container-servlet-core.jar:/Applications/NetBeans/NetBeans 8.0.2.app/Contents/Resources/NetBeans/enterprise/modules/ext/jersey2/jersey-server.jar:/Applications/NetBeans/NetBeans 8.0.2.app/Contents/Resources/NetBeans/java/modules/ext/eclipselink/eclipselink.jar" />
    <property name="libs.MySQLDriver.maven-pom" value="" />
    <property name="libs.hibernate4-persistence.javadoc" value="/Applications/NetBeans/NetBeans 8.0.2.app/Contents/Resources/NetBeans/java/modules/ext/docs/javax.persistence-2.1.0-doc.zip" />
    <property name="http.nonProxyHosts" value="local|*.local|169.254/16|*.169.254/16" />
    <property name="libs.junit_4.javadoc" value="/Applications/NetBeans/NetBeans 8.0.2.app/Contents/Resources/NetBeans/java/docs/junit-4.10-javadoc.jar" />
    <property name="platforms.JDK_1.8.bootclasspath" value="/Library/Java/JavaVirtualMachines/jdk1.8.0_60.jdk/Contents/Home/jre/lib/resources.jar:/Library/Java/JavaVirtualMachines/jdk1.8.0_60.jdk/Contents/Home/jre/lib/rt.jar:/Library/Java/JavaVirtualMachines/jdk1.8.0_60.jdk/Contents/Home/jre/lib/sunrsasign.jar:/Library/Java/JavaVirtualMachines/jdk1.8.0_60.jdk/Contents/Home/jre/lib/jsse.jar:/Library/Java/JavaVirtualMachines/jdk1.8.0_60.jdk/Contents/Home/jre/lib/jce.jar:/Library/Java/JavaVirtualMachines/jdk1.8.0_60.jdk/Contents/Home/jre/lib/charsets.jar:/Library/Java/JavaVirtualMachines/jdk1.8.0_60.jdk/Contents/Home/jre/lib/jfr.jar:/Library/Java/JavaVirtualMachines/jdk1.8.0_60.jdk/Contents/Home/jre/classes:/Library/Java/JavaVirtualMachines/jdk1.8.0_60.jdk/Contents/Home/jre/lib/ext/cldrdata.jar:/Library/Java/JavaVirtualMachines/jdk1.8.0_60.jdk/Contents/Home/jre/lib/ext/dnsns.jar:/Library/Java/JavaVirtualMachines/jdk1.8.0_60.jdk/Contents/Home/jre/lib/ext/jaccess.jar:/Library/Java/JavaVirtualMachines/jdk1.8.0_60.jdk/Contents/Home/jre/lib/ext/jfxrt.jar:/Library/Java/JavaVirtualMachines/jdk1.8.0_60.jdk/Contents/Home/jre/lib/ext/localedata.jar:/Library/Java/JavaVirtualMachines/jdk1.8.0_60.jdk/Contents/Home/jre/lib/ext/nashorn.jar:/Library/Java/JavaVirtualMachines/jdk1.8.0_60.jdk/Contents/Home/jre/lib/ext/sunec.jar:/Library/Java/JavaVirtualMachines/jdk1.8.0_60.jdk/Contents/Home/jre/lib/ext/sunjce_provider.jar:/Library/Java/JavaVirtualMachines/jdk1.8.0_60.jdk/Contents/Home/jre/lib/ext/sunpkcs11.jar:/Library/Java/JavaVirtualMachines/jdk1.8.0_60.jdk/Contents/Home/jre/lib/ext/zipfs.jar:/System/Library/Java/Extensions/MRJToolkit.jar" />
    <property name="libs.EclipseLink-GlassFish-v3.maven-pom" value="" />
    <property name="libs.javaee-web-api-6.0.maven-pom" value="" />
    <property name="run.classpath" value="libs/cglib-nodep-3.2.4.jar:libs/client-combined-3.0.0-beta4-nodeps.jar:libs/commons-codec-1.10.jar:libs/commons-exec-1.3.jar:libs/commons-logging-1.2.jar:libs/gson-2.3.1.jar:libs/guava-19.0.jar:libs/hamcrest-core-1.3.jar:libs/hamcrest-library-1.3.jar:libs/httpclient-4.5.2.jar:libs/httpcore-4.4.4.jar:libs/httpmime-4.5.2.jar:libs/jna-4.1.0.jar:libs/jna-platform-4.1.0.jar:libs/junit-4.12.jar:libs/netty-3.5.7.Final.jar:libs/phantomjsdriver-1.3.0.jar:build/classes" />
    <property name="jna.boot.library.name" value="jnidispatch-410" />
    <property name="libs.javaee-endorsed-api-6.0.javadoc" value="/Applications/NetBeans/NetBeans 8.0.2.app/Contents/Resources/NetBeans/enterprise/docs/javaee-doc-api.jar" />
    <property name="libs.javaee-api-7.0.classpath" value="/Applications/NetBeans/NetBeans 8.0.2.app/Contents/Resources/NetBeans/enterprise/modules/ext/javaee-api-7.0.jar" />
    <property name="sun.awt.datatransfer.timeout" value="1000" />
    <property name="libs.spring-webmvc3.0.javadoc" value="" />
    <property name="libs.jpa2-persistence.maven-pom" value="" />
    <property name="annotation.processing.enabled.in.editor" value="false" />
    <property name="libs.hibernate4-support.classpath" value="/Applications/NetBeans/NetBeans 8.0.2.app/Contents/Resources/NetBeans/java/modules/ext/hibernate4/antlr-2.7.7.jar:/Applications/NetBeans/NetBeans 8.0.2.app/Contents/Resources/NetBeans/java/modules/ext/hibernate4/c3p0-0.9.2.1.jar:/Applications/NetBeans/NetBeans 8.0.2.app/Contents/Resources/NetBeans/java/modules/ext/hibernate4/hibernate-c3p0-4.3.1.Final.jar:/Applications/NetBeans/NetBeans 8.0.2.app/Contents/Resources/NetBeans/java/modules/ext/hibernate4/mchange-commons-java-0.2.3.4.jar:/Applications/NetBeans/NetBeans 8.0.2.app/Contents/Resources/NetBeans/java/modules/ext/hibernate4/dom4j-1.6.1.jar:/Applications/NetBeans/NetBeans 8.0.2.app/Contents/Resources/NetBeans/java/modules/ext/hibernate4/ehcache-core-2.4.3.jar:/Applications/NetBeans/NetBeans 8.0.2.app/Contents/Resources/NetBeans/java/modules/ext/hibernate4/hibernate-ehcache-4.3.1.Final.jar:/Applications/NetBeans/NetBeans 8.0.2.app/Contents/Resources/NetBeans/java/modules/ext/hibernate4/hibernate-core-4.3.1.Final.jar:/Applications/NetBeans/NetBeans 8.0.2.app/Contents/Resources/NetBeans/java/modules/ext/hibernate4/jboss-logging-3.1.3.GA.jar:/Applications/NetBeans/NetBeans 8.0.2.app/Contents/Resources/NetBeans/java/modules/ext/hibernate4/hibernate-commons-annotations-4.0.4.Final.jar:/Applications/NetBeans/NetBeans 8.0.2.app/Contents/Resources/NetBeans/java/modules/ext/hibernate4/hibernate-entitymanager-4.3.1.Final.jar:/Applications/NetBeans/NetBeans 8.0.2.app/Contents/Resources/NetBeans/java/modules/ext/hibernate4/javassist-3.18.1-GA.jar:/Applications/NetBeans/NetBeans 8.0.2.app/Contents/Resources/NetBeans/java/modules/ext/hibernate4/jboss-transaction-api_1.2_spec-1.0.0.Final.jar:/Applications/NetBeans/NetBeans 8.0.2.app/Contents/Resources/NetBeans/java/modules/ext/hibernate4/slf4j-api-1.6.1.jar:/Applications/NetBeans/NetBeans 8.0.2.app/Contents/Resources/NetBeans/java/modules/ext/hibernate4/slf4j-simple-1.6.1.jar" />
    <property name="ant.file.IS2545Deliveralble3-impl" value="/Users/Yifan/Downloads/Lecture14/IS2545Deliveralble3/nbproject/build-impl.xml" />
    <property name="nb.native.filechooser" value="false" />
    <property name="libs.restapi.src" value="" />
    <property name="sun.management.compiler" value="HotSpot 64-Bit Tiered Compilers" />
    <property name="javac.deprecation" value="false" />
    <property name="javadoc.use" value="true" />
    <property name="sun.java2d.noddraw" value="true" />
    <property name="libs.jsp-compiler.classpath" value="/Applications/NetBeans/NetBeans 8.0.2.app/Contents/Resources/NetBeans/enterprise/ant/extra/jspcompile.jar" />
    <property name="javac.processorpath" value="libs/cglib-nodep-3.2.4.jar:libs/client-combined-3.0.0-beta4-nodeps.jar:libs/commons-codec-1.10.jar:libs/commons-exec-1.3.jar:libs/commons-logging-1.2.jar:libs/gson-2.3.1.jar:libs/guava-19.0.jar:libs/hamcrest-core-1.3.jar:libs/hamcrest-library-1.3.jar:libs/httpclient-4.5.2.jar:libs/httpcore-4.4.4.jar:libs/httpmime-4.5.2.jar:libs/jna-4.1.0.jar:libs/jna-platform-4.1.0.jar:libs/junit-4.12.jar:libs/netty-3.5.7.Final.jar:libs/phantomjsdriver-1.3.0.jar" />
    <property name="javac.compilerargs" value="" />
    <property name="ant.file" value="/Users/Yifan/Downloads/Lecture14/IS2545Deliveralble3/build.xml" />
    <property name="libs.beans-binding.maven-pom" value="" />
    <property name="libs.hibernate4-support.javadoc" value="/Applications/NetBeans/NetBeans 8.0.2.app/Contents/Resources/NetBeans/java/modules/ext/docs/javax.persistence-2.1.0-doc.zip" />
    <property name="libs.jsf12.classpath" value="/Applications/NetBeans/NetBeans 8.0.2.app/Contents/Resources/NetBeans/enterprise/modules/ext/jsf-1_2/commons-beanutils.jar:/Applications/NetBeans/NetBeans 8.0.2.app/Contents/Resources/NetBeans/enterprise/modules/ext/jsf-1_2/commons-collections.jar:/Applications/NetBeans/NetBeans 8.0.2.app/Contents/Resources/NetBeans/enterprise/modules/ext/jsf-1_2/commons-digester.jar:/Applications/NetBeans/NetBeans 8.0.2.app/Contents/Resources/NetBeans/enterprise/modules/ext/jsf-1_2/commons-logging.jar:/Applications/NetBeans/NetBeans 8.0.2.app/Contents/Resources/NetBeans/enterprise/modules/ext/jsf-1_2/jsf-api.jar:/Applications/NetBeans/NetBeans 8.0.2.app/Contents/Resources/NetBeans/enterprise/modules/ext/jsf-1_2/jsf-impl.jar" />
    <property name="libs.Java-EE-GlassFish-v3-Prelude.classpath" value="/Users/Yifan/GlassFish_Server/glassfish/modules/endorsed/javax.annotation-api.jar:/Users/Yifan/GlassFish_Server/glassfish/modules/endorsed/jaxb-api.jar:/Users/Yifan/GlassFish_Server/glassfish/modules/endorsed/webservices-api-osgi.jar:/Users/Yifan/GlassFish_Server/glassfish/modules/bean-validator.jar:/Users/Yifan/GlassFish_Server/glassfish/modules/javax.batch-api.jar:/Users/Yifan/GlassFish_Server/glassfish/modules/javax.ejb-api.jar:/Users/Yifan/GlassFish_Server/glassfish/modules/javax.el.jar:/Users/Yifan/GlassFish_Server/glassfish/modules/javax.enterprise.concurrent-api.jar:/Users/Yifan/GlassFish_Server/glassfish/modules/javax.enterprise.concurrent.jar:/Users/Yifan/GlassFish_Server/glassfish/modules/javax.enterprise.deploy-api.jar:/Users/Yifan/GlassFish_Server/glassfish/modules/javax.faces.jar:/Users/Yifan/GlassFish_Server/glassfish/modules/javax.inject.jar:/Users/Yifan/GlassFish_Server/glassfish/modules/javax.interceptor-api.jar:/Users/Yifan/GlassFish_Server/glassfish/modules/javax.jms-api.jar:/Users/Yifan/GlassFish_Server/glassfish/modules/javax.json.jar:/Users/Yifan/GlassFish_Server/glassfish/modules/javax.mail.jar:/Users/Yifan/GlassFish_Server/glassfish/modules/javax.management.j2ee-api.jar:/Users/Yifan/GlassFish_Server/glassfish/modules/javax.persistence.jar:/Users/Yifan/GlassFish_Server/glassfish/modules/javax.resource-api.jar:/Users/Yifan/GlassFish_Server/glassfish/modules/javax.security.auth.message-api.jar:/Users/Yifan/GlassFish_Server/glassfish/modules/javax.security.jacc-api.jar:/Users/Yifan/GlassFish_Server/glassfish/modules/javax.servlet-api.jar:/Users/Yifan/GlassFish_Server/glassfish/modules/javax.servlet.jsp-api.jar:/Users/Yifan/GlassFish_Server/glassfish/modules/javax.servlet.jsp.jar:/Users/Yifan/GlassFish_Server/glassfish/modules/javax.servlet.jsp.jstl-api.jar:/Users/Yifan/GlassFish_Server/glassfish/modules/javax.servlet.jsp.jstl.jar:/Users/Yifan/GlassFish_Server/glassfish/modules/javax.transaction-api.jar:/Users/Yifan/GlassFish_Server/glassfish/modules/javax.websocket-api.jar:/Users/Yifan/GlassFish_Server/glassfish/modules/javax.ws.rs-api.jar:/Users/Yifan/GlassFish_Server/glassfish/modules/javax.xml.registry-api.jar:/Users/Yifan/GlassFish_Server/glassfish/modules/javax.xml.rpc-api.jar:/Users/Yifan/GlassFish_Server/glassfish/modules/jaxb-osgi.jar:/Users/Yifan/GlassFish_Server/glassfish/modules/webservices-osgi.jar:/Users/Yifan/GlassFish_Server/glassfish/modules/weld-osgi-bundle.jar:/Users/Yifan/GlassFish_Server/mq/lib/jaxm-api.jar" />
    <property name="libs.jstl.maven-pom" value="" />
    <property name="libs.javaee-api-5.0.src" value="" />
    <property name="libs.restapi.maven-pom" value="" />
    <property name="libs.beans-binding.src" value="" />
    <property name="java.vm.specification.vendor" value="Oracle Corporation" />
    <property name="libs.swing-layout.src" value="/Applications/NetBeans/NetBeans 8.0.2.app/Contents/Resources/NetBeans/platform/docs/swing-layout-1.0.4-src.zip" />
    <property name="org.openide.major.version" value="IDE/1" />
    <property name="java.vm.name" value="Java HotSpot(TM) 64-Bit Server VM" />
    <property name="netbeans.user" value="/Users/Yifan/Library/Application Support/NetBeans/8.0.2" />
    <property name="javadoc.additionalparam" value="" />
    <property name="java.io.tmpdir" value="/var/folders/gy/m8whnd790fxc53n5wdys6f4r0000gn/T/" />
    <property name="java.vendor.url" value="http://java.oracle.com/" />
    <property name="endorsed.classpath.cmd.line.arg" value="" />
    <property name="junit.available" value="true" />
    <property name="libs.javaee-api-5.0.javadoc" value="" />
    <property name="file.reference.commons-logging-1.2.jar" value="libs/commons-logging-1.2.jar" />
    <property name="libs.jsp-compiler.src" value="" />
    <property name="org.openide.awt.ActionReference.completion" value="org.netbeans.modules.apisupport.project.layers.PathCompletions" />
    <property name="sun.boot.library.path" value="/Library/Java/JavaVirtualMachines/jdk1.8.0_60.jdk/Contents/Home/jre/lib" />
    <property name="debug.classpath" value="libs/cglib-nodep-3.2.4.jar:libs/client-combined-3.0.0-beta4-nodeps.jar:libs/commons-codec-1.10.jar:libs/commons-exec-1.3.jar:libs/commons-logging-1.2.jar:libs/gson-2.3.1.jar:libs/guava-19.0.jar:libs/hamcrest-core-1.3.jar:libs/hamcrest-library-1.3.jar:libs/httpclient-4.5.2.jar:libs/httpcore-4.4.4.jar:libs/httpmime-4.5.2.jar:libs/jna-4.1.0.jar:libs/jna-platform-4.1.0.jar:libs/junit-4.12.jar:libs/netty-3.5.7.Final.jar:libs/phantomjsdriver-1.3.0.jar:build/classes" />
    <property name="javac.external.vm" value="true" />
    <property name="javadoc.private" value="false" />
    <property name="test.src.dir" value="test" />
    <property name="libs.MyLibrary.javadoc" value="" />
    <property name="libs.jsf20.classpath" value="/Applications/NetBeans/NetBeans 8.0.2.app/Contents/Resources/NetBeans/enterprise/modules/ext/jsf-2_2/javax.faces.jar" />
    <property name="ap.processors.internal" value="" />
    <property name="meta.inf.dir" value="src/META-INF" />
    <property name="javadoc.encoding.used" value="UTF-8" />
    <property name="dist.jar" value="dist/IS2545Deliveralble3.jar" />
    <property name="libs.spring-framework400.maven-pom" value="" />
    <property name="java.runtime.name" value="Java(TM) SE Runtime Environment" />
    <property name="ant.project.name" value="IS2545Deliveralble3" />
    <property name="netbeans.hash.code" value="unique=NB_JAVA0a5a56e81-1658-47af-9529-a158e860f3cb_4cfec6f6-b4fa-49dd-902d-e4b6395a8755" />
    <property name="netbeans.default_userdir_root" value="/Users/Yifan/Library/Application Support/NetBeans" />
    <property name="libs.jsp-compilation-syscp.maven-pom" value="" />
    <property name="platform.javadoc" value="/Library/Java/JavaVirtualMachines/jdk1.8.0_60.jdk/Contents/Home/bin/javadoc" />
    <property name="platform.javadoc.tmp" value="${platforms.JDK_1.8.javadoc}" />
    <property name="sun.cpu.isalist" value="" />
    <property name="libs.spring-framework400.javadoc" value="" />
    <property name="libs.CopyLibs.javadoc" value="" />
    <property name="platform.compiler" value="${platforms.JDK_1.8.compile}" />
    <property name="org.openide.specification.version" value="6.2" />
    <property name="user.home" value="/Users/Yifan" />
    <property name="annotation.processing.processors.list" value="" />
    <property name="libs.primefaces.maven-pom" value="" />
    <property name="debug-args-line" value="-Xdebug" />
    <property name="libs.javaee-api-6.0.maven-pom" value="" />
    <property name="platform.javac.tmp" value="${platforms.JDK_1.8.javac}" />
    <property name="libs.JWSAntTasks.src" value="" />
    <property name="jar.index" value="false" />
    <property name="libs.CopyLibs.maven-pom" value="" />
    <property name="libs.absolutelayout.javadoc" value="" />
    <property name="libs.spring-framework300.javadoc" value="" />
    <property name="java.specification.name" value="Java Platform API Specification" />
    <property name="java.specification.vendor" value="Oracle Corporation" />
    <property name="libs.javac-api.classpath" value="/Applications/NetBeans/NetBeans 8.0.2.app/Contents/Resources/NetBeans/java/modules/ext/nb-javac-api.jar" />
    <property name="java.version" value="1.8.0_60" />
    <property name="javadoc.version" value="false" />
    <property name="run.jvmargs.ide" value="" />
    <property name="libs.MySQLDriver.javadoc" value="" />
    <property name="org.openide.version" value="deprecated" />
    <property name="source.encoding" value="UTF-8" />
    <property name="platform.java" value="/Library/Java/JavaVirtualMachines/jdk1.8.0_60.jdk/Contents/Home/bin/java" />
    <property name="ap.cmd.line.internal" value="" />
    <property name="libs.eclipselinkmodelgen.maven-pom" value="" />
    <property name="libs.jsp-compilation-syscp.javadoc" value="" />
    <property name="libs.junit.maven-pom" value="" />
    <property name="libs.javaee-endorsed-api-7.0.classpath" value="/Applications/NetBeans/NetBeans 8.0.2.app/Contents/Resources/NetBeans/enterprise/modules/ext/javaee7-endorsed/javax.annotation-api.jar:/Applications/NetBeans/NetBeans 8.0.2.app/Contents/Resources/NetBeans/enterprise/modules/ext/javaee7-endorsed/javax.xml.soap-api.jar:/Applications/NetBeans/NetBeans 8.0.2.app/Contents/Resources/NetBeans/enterprise/modules/ext/javaee7-endorsed/jaxb-api-osgi.jar:/Applications/NetBeans/NetBeans 8.0.2.app/Contents/Resources/NetBeans/enterprise/modules/ext/javaee7-endorsed/jaxws-api.jar:/Applications/NetBeans/NetBeans 8.0.2.app/Contents/Resources/NetBeans/enterprise/modules/ext/javaee7-endorsed/jsr181-api.jar" />
    <property name="libs.eclipselinkmodelgen.javadoc" value="" />
    <property name="libs.metro.javadoc" value="/Applications/NetBeans/NetBeans 8.0.2.app/Contents/Resources/NetBeans/enterprise/docs/metro-1.4-doc.zip" />
    <property name="libs.struts.maven-pom" value="" />
    <property name="netbeans.home+have.tests" value="true" />
    <property name="annotation.processing.processor.options" value="" />
    <property name="libs.testng.maven-pom" value="" />
    <property name="libs.jaxb.src" value="" />
    <property name="work.dir" value="/Users/Yifan/Downloads/Lecture14/IS2545Deliveralble3" />
    <property name="libs.jaxb.classpath" value="/Applications/NetBeans/NetBeans 8.0.2.app/Contents/Resources/NetBeans/ide/modules/ext/jaxb/jaxb-impl.jar:/Applications/NetBeans/NetBeans 8.0.2.app/Contents/Resources/NetBeans/ide/modules/ext/jaxb/jaxb-xjc.jar:/Applications/NetBeans/NetBeans 8.0.2.app/Contents/Resources/NetBeans/ide/modules/ext/jaxb/jaxb1-impl.jar:/Applications/NetBeans/NetBeans 8.0.2.app/Contents/Resources/NetBeans/ide/modules/ext/jaxb/activation.jar:/Applications/NetBeans/NetBeans 8.0.2.app/Contents/Resources/NetBeans/ide/modules/ext/jaxb/api/jaxb-api.jar:/Applications/NetBeans/NetBeans 8.0.2.app/Contents/Resources/NetBeans/ide/modules/ext/jaxb/api/jsr173_1.0_api.jar" />
    <property name="php.global.include.path" value="" />
    <property name="do.depend" value="false" />
    <property name="dist.javadoc.dir" value="dist/javadoc" />
    <property name="libs.spring-webmvc3.0.classpath" value="/Applications/NetBeans/NetBeans 8.0.2.app/Contents/Resources/NetBeans/java/modules/ext/spring-3.0/spring-webmvc-3.2.7.RELEASE.jar" />
    <property name="libs.swing-layout.classpath" value="/Applications/NetBeans/NetBeans 8.0.2.app/Contents/Resources/NetBeans/platform/modules/ext/swing-layout-1.0.4.jar" />
    <property name="libs.javaee-web-api-7.0.maven-pom" value="" />
    <property name="libs.restlib.src" value="" />
    <property name="build.generated.dir" value="build/generated" />
    <property name="javac.source" value="1.8" />
    <property name="line.separator" value="&#xa;" />
    <property name="java.specification.version" value="1.8" />
    <property name="libs.jaxws21.maven-pom" value="" />
    <property name="java.vm.info" value="mixed mode" />
    <property name="nb.junit.batch" value="true" />
    <property name="junit.forkmode" value="perTest" />
    <property name="file.reference.hamcrest-core-1.3.jar" value="libs/hamcrest-core-1.3.jar" />
    <property name="platform.java.tmp" value="${platforms.JDK_1.8.java}" />
    <property name="sun.boot.class.path" value="/Library/Java/JavaVirtualMachines/jdk1.8.0_60.jdk/Contents/Home/jre/lib/resources.jar:/Library/Java/JavaVirtualMachines/jdk1.8.0_60.jdk/Contents/Home/jre/lib/rt.jar:/Library/Java/JavaVirtualMachines/jdk1.8.0_60.jdk/Contents/Home/jre/lib/sunrsasign.jar:/Library/Java/JavaVirtualMachines/jdk1.8.0_60.jdk/Contents/Home/jre/lib/jsse.jar:/Library/Java/JavaVirtualMachines/jdk1.8.0_60.jdk/Contents/Home/jre/lib/jce.jar:/Library/Java/JavaVirtualMachines/jdk1.8.0_60.jdk/Contents/Home/jre/lib/charsets.jar:/Library/Java/JavaVirtualMachines/jdk1.8.0_60.jdk/Contents/Home/jre/lib/jfr.jar:/Library/Java/JavaVirtualMachines/jdk1.8.0_60.jdk/Contents/Home/jre/classes" />
    <property name="file.reference.client-combined-3.0.0-beta4-nodeps.jar" value="libs/client-combined-3.0.0-beta4-nodeps.jar" />
    <property name="javac.target" value="1.8" />
    <property name="built-jar.properties" value="/Users/Yifan/Downloads/Lecture14/IS2545Deliveralble3/build/built-jar.properties" />
    <property name="build.test.classes.dir" value="build/test/classes" />
    <property name="src.dir" value="src" />
    <property name="libs.jpa2-persistence.src" value="" />
    <property name="annotation.processing.enabled" value="true" />
    <property name="libs.jsf20.src" value="" />
    <property name="libs.jpa20-persistence.src" value="" />
    <property name="libs.jsf12.src" value="" />
    <property name="libs.JAVADB_DRIVER_LABEL.maven-pom" value="" />
    <property name="libs.struts.javadoc" value="/Applications/NetBeans/NetBeans 8.0.2.app/Contents/Resources/NetBeans/enterprise/docs/struts-1.3.10-javadoc.zip" />
    <property name="libs.Comet-GlassFish-v3.classpath" value="" />
    <property name="libs.javaee-web-api-7.0.src" value="" />
    <property name="libs.primefaces.src" value="" />
    <property name="dist.dir" value="dist" />
    <property name="testng.debug.mode" value="" />
    <property name="java.awt.printerjob" value="sun.lwawt.macosx.CPrinterJob" />
    <property name="default.javac.source" value="1.8" />
    <property name="debug-transport-by-os" value="dt_socket" />
    <property name="sun.jnu.encoding" value="UTF-8" />
    <property name="libs.MySQLDriver.src" value="" />
    <property name="java.runtime.version" value="1.8.0_60-b27" />
    <property name="build.test.results.dir" value="build/test/results" />
    <property name="jna.platform.library.path" value="/usr/lib:/usr/lib" />
    <property name="default.javac.target" value="1.8" />
    <property name="libs.junit_4.classpath" value="/Applications/NetBeans/NetBeans 8.0.2.app/Contents/Resources/NetBeans/platform/modules/ext/junit-4.10.jar" />
    <property name="user.timezone" value="" />
    <property name="nb.junit.single" value="false" />
    <property name="libs.javaee-endorsed-api-6.0.maven-pom" value="" />
    <property name="libs.JAVADB_DRIVER_LABEL.javadoc" value="" />
    <property name="netbeans.dirs" value="/Applications/NetBeans/NetBeans 8.0.2.app/Contents/Resources/NetBeans/nb:/Applications/NetBeans/NetBeans 8.0.2.app/Contents/Resources/NetBeans/ergonomics:/Applications/NetBeans/NetBeans 8.0.2.app/Contents/Resources/NetBeans/ide:/Applications/NetBeans/NetBeans 8.0.2.app/Contents/Resources/NetBeans/extide:/Applications/NetBeans/NetBeans 8.0.2.app/Contents/Resources/NetBeans/java:/Applications/NetBeans/NetBeans 8.0.2.app/Contents/Resources/NetBeans/apisupport:/Applications/NetBeans/NetBeans 8.0.2.app/Contents/Resources/NetBeans/webcommon:/Applications/NetBeans/NetBeans 8.0.2.app/Contents/Resources/NetBeans/websvccommon:/Applications/NetBeans/NetBeans 8.0.2.app/Contents/Resources/NetBeans/enterprise:/Applications/NetBeans/NetBeans 8.0.2.app/Contents/Resources/NetBeans/mobility:/Applications/NetBeans/NetBeans 8.0.2.app/Contents/Resources/NetBeans/profiler:/Applications/NetBeans/NetBeans 8.0.2.app/Contents/Resources/NetBeans/python:/Applications/NetBeans/NetBeans 8.0.2.app/Contents/Resources/NetBeans/php:/Applications/NetBeans/NetBeans 8.0.2.app/Contents/Resources/NetBeans/identity:/Applications/NetBeans/NetBeans 8.0.2.app/Contents/Resources/NetBeans/harness:/Applications/NetBeans/NetBeans 8.0.2.app/Contents/Resources/NetBeans/cnd:/Applications/NetBeans/NetBeans 8.0.2.app/Contents/Resources/NetBeans/dlight:/Applications/NetBeans/NetBeans 8.0.2.app/Contents/Resources/NetBeans/groovy:/Applications/NetBeans/NetBeans 8.0.2.app/Contents/Resources/NetBeans/extra:/Applications/NetBeans/NetBeans 8.0.2.app/Contents/Resources/NetBeans/javacard:/Applications/NetBeans/NetBeans 8.0.2.app/Contents/Resources/NetBeans/javafx:" />
    <property name="libs.jsf20.javadoc" value="/Applications/NetBeans/NetBeans 8.0.2.app/Contents/Resources/NetBeans/enterprise/docs/javaee-doc-api.jar" />
    <property name="libs.jstl.javadoc" value="/Applications/NetBeans/NetBeans 8.0.2.app/Contents/Resources/NetBeans/enterprise/docs/javaee-doc-api.jar" />
    <property name="java.ext.dirs" value="/Users/Yifan/Library/Java/Extensions:/Library/Java/JavaVirtualMachines/jdk1.8.0_60.jdk/Contents/Home/jre/lib/ext:/Library/Java/Extensions:/Network/Library/Java/Extensions:/System/Library/Java/Extensions:/usr/lib/java" />
    <property name="libs.MyLibrary.maven-pom" value="" />
    <property name="libs.metro.src" value="" />
    <property name="libs.absolutelayout.classpath" value="/Applications/NetBeans/NetBeans 8.0.2.app/Contents/Resources/NetBeans/java/modules/ext/AbsoluteLayout.jar" />
    <property name="excludes" value="" />
    <property name="libs.metro.classpath" value="/Applications/NetBeans/NetBeans 8.0.2.app/Contents/Resources/NetBeans/ide/modules/ext/jaxb/activation.jar:/Applications/NetBeans/NetBeans 8.0.2.app/Contents/Resources/NetBeans/enterprise/modules/ext/metro/webservices-api.jar:/Applications/NetBeans/NetBeans 8.0.2.app/Contents/Resources/NetBeans/enterprise/modules/ext/metro/webservices-extra-api.jar:/Applications/NetBeans/NetBeans 8.0.2.app/Contents/Resources/NetBeans/enterprise/modules/ext/metro/webservices-extra.jar:/Applications/NetBeans/NetBeans 8.0.2.app/Contents/Resources/NetBeans/enterprise/modules/ext/metro/webservices-rt.jar:/Applications/NetBeans/NetBeans 8.0.2.app/Contents/Resources/NetBeans/enterprise/modules/ext/metro/webservices-tools.jar" />
    <property name="libs.restlib.maven-pom" value="" />
    <property name="libs.jpa2-persistence.javadoc" value="/Applications/NetBeans/NetBeans 8.0.2.app/Contents/Resources/NetBeans/java/modules/ext/docs/javax.persistence-2.1.0-doc.zip" />
    <property name="apple.laf.useScreenMenuBar" value="true" />
    <property name="java.class.path" value="/Users/Yifan/Downloads/Lecture14/IS2545Deliveralble3/libs/cglib-nodep-3.2.4.jar:/Users/Yifan/Downloads/Lecture14/IS2545Deliveralble3/libs/client-combined-3.0.0-beta4-nodeps.jar:/Users/Yifan/Downloads/Lecture14/IS2545Deliveralble3/libs/commons-codec-1.10.jar:/Users/Yifan/Downloads/Lecture14/IS2545Deliveralble3/libs/commons-exec-1.3.jar:/Users/Yifan/Downloads/Lecture14/IS2545Deliveralble3/libs/commons-logging-1.2.jar:/Users/Yifan/Downloads/Lecture14/IS2545Deliveralble3/libs/gson-2.3.1.jar:/Users/Yifan/Downloads/Lecture14/IS2545Deliveralble3/libs/guava-19.0.jar:/Users/Yifan/Downloads/Lecture14/IS2545Deliveralble3/libs/hamcrest-core-1.3.jar:/Users/Yifan/Downloads/Lecture14/IS2545Deliveralble3/libs/hamcrest-library-1.3.jar:/Users/Yifan/Downloads/Lecture14/IS2545Deliveralble3/libs/httpclient-4.5.2.jar:/Users/Yifan/Downloads/Lecture14/IS2545Deliveralble3/libs/httpcore-4.4.4.jar:/Users/Yifan/Downloads/Lecture14/IS2545Deliveralble3/libs/httpmime-4.5.2.jar:/Users/Yifan/Downloads/Lecture14/IS2545Deliveralble3/libs/jna-4.1.0.jar:/Users/Yifan/Downloads/Lecture14/IS2545Deliveralble3/libs/jna-platform-4.1.0.jar:/Users/Yifan/Downloads/Lecture14/IS2545Deliveralble3/libs/junit-4.12.jar:/Users/Yifan/Downloads/Lecture14/IS2545Deliveralble3/libs/netty-3.5.7.Final.jar:/Users/Yifan/Downloads/Lecture14/IS2545Deliveralble3/libs/phantomjsdriver-1.3.0.jar:/Users/Yifan/Downloads/Lecture14/IS2545Deliveralble3/build/classes:/Applications/NetBeans/NetBeans 8.0.2.app/Contents/Resources/NetBeans/platform/modules/ext/junit-4.10.jar:/Users/Yifan/Downloads/Lecture14/IS2545Deliveralble3/build/test/classes:/Applications/NetBeans/NetBeans 8.0.2.app/Contents/Resources/NetBeans/extide/ant/lib/ant-launcher.jar:/Applications/NetBeans/NetBeans 8.0.2.app/Contents/Resources/NetBeans/extide/ant/lib/ant.jar:/Applications/NetBeans/NetBeans 8.0.2.app/Contents/Resources/NetBeans/extide/ant/lib/ant-junit.jar:/Applications/NetBeans/NetBeans 8.0.2.app/Contents/Resources/NetBeans/extide/ant/lib/ant-junit4.jar" />
    <property name="libs.absolutelayout.src" value="" />
    <property name="libs.jpa20-persistence.classpath" value="/Applications/NetBeans/NetBeans 8.0.2.app/Contents/Resources/NetBeans/java/modules/ext/eclipselink/javax.persistence_2.1.0.v201304241213.jar" />
    <property name="os.version" value="10.11.6" />
    <property name="application.args" value="" />
    <property name="libs.EclipseLink-GlassFish-v3.javadoc" value="/Applications/NetBeans/NetBeans 8.0.2.app/Contents/Resources/NetBeans/enterprise/docs/javaee-doc-api.jar" />
    <property name="file.reference.httpclient-4.5.2.jar" value="libs/httpclient-4.5.2.jar" />
    <property name="libs.javaee-api-7.0.maven-pom" value="" />
    <property name="sun.awt.enableExtraMouseButtons" value="true" />
    <property name="libs.hibernate4-persistence.src" value="" />
    <property name="libs.hibernate4-support.maven-pom" value="" />
    <property name="libs.Comet-GlassFish-v3.src" value="" />
    <property name="libs.restlib.javadoc" value="" />
    <property name="libs.JAXB-ENDORSED.classpath" value="/Applications/NetBeans/NetBeans 8.0.2.app/Contents/Resources/NetBeans/ide/modules/ext/jaxb/api/jaxb-api.jar" />
    <property name="nb.internal.action.name" value="run.single" />
    <property name="libs.eclipselink.classpath" value="/Applications/NetBeans/NetBeans 8.0.2.app/Contents/Resources/NetBeans/java/modules/ext/eclipselink/eclipselink.jar:/Applications/NetBeans/NetBeans 8.0.2.app/Contents/Resources/NetBeans/java/modules/ext/eclipselink/javax.persistence_2.1.0.v201304241213.jar:/Applications/NetBeans/NetBeans 8.0.2.app/Contents/Resources/NetBeans/java/modules/ext/eclipselink/org.eclipse.persistence.jpa.jpql_2.5.2.v20140319-9ad6abd.jar" />
    <property name="libs.javaee-api-7.0.javadoc" value="/Applications/NetBeans/NetBeans 8.0.2.app/Contents/Resources/NetBeans/enterprise/docs/javaee-doc-api.jar" />
    <property name="libs.beans-binding.javadoc" value="/Applications/NetBeans/NetBeans 8.0.2.app/Contents/Resources/NetBeans/java/docs/beansbinding-1.2.1-doc.zip" />
    <property name="java.awt.graphicsenv" value="sun.awt.CGraphicsEnvironment" />
    <property name="java.vm.vendor" value="Oracle Corporation" />
    <property name="libs.CopyLibs.classpath" value="/Applications/NetBeans/NetBeans 8.0.2.app/Contents/Resources/NetBeans/java/ant/extra/org-netbeans-modules-java-j2seproject-copylibstask.jar" />
    <property name="libs.spring-framework300.classpath" value="/Applications/NetBeans/NetBeans 8.0.2.app/Contents/Resources/NetBeans/ide/modules/org-apache-commons-logging.jar:/Applications/NetBeans/NetBeans 8.0.2.app/Contents/Resources/NetBeans/java/modules/ext/cglib-2.2.jar:/Applications/NetBeans/NetBeans 8.0.2.app/Contents/Resources/NetBeans/java/modules/ext/spring-3.0/spring-aop-3.2.7.RELEASE.jar:/Applications/NetBeans/NetBeans 8.0.2.app/Contents/Resources/NetBeans/java/modules/ext/spring-3.0/spring-aspects-3.2.7.RELEASE.jar:/Applications/NetBeans/NetBeans 8.0.2.app/Contents/Resources/NetBeans/java/modules/ext/spring-3.0/spring-beans-3.2.7.RELEASE.jar:/Applications/NetBeans/NetBeans 8.0.2.app/Contents/Resources/NetBeans/java/modules/ext/spring-3.0/spring-build-src-3.2.7.RELEASE.jar:/Applications/NetBeans/NetBeans 8.0.2.app/Contents/Resources/NetBeans/java/modules/ext/spring-3.0/spring-context-3.2.7.RELEASE.jar:/Applications/NetBeans/NetBeans 8.0.2.app/Contents/Resources/NetBeans/java/modules/ext/spring-3.0/spring-context-support-3.2.7.RELEASE.jar:/Applications/NetBeans/NetBeans 8.0.2.app/Contents/Resources/NetBeans/java/modules/ext/spring-3.0/spring-core-3.2.7.RELEASE.jar:/Applications/NetBeans/NetBeans 8.0.2.app/Contents/Resources/NetBeans/java/modules/ext/spring-3.0/spring-expression-3.2.7.RELEASE.jar:/Applications/NetBeans/NetBeans 8.0.2.app/Contents/Resources/NetBeans/java/modules/ext/spring-3.0/spring-framework-bom-3.2.7.RELEASE.jar:/Applications/NetBeans/NetBeans 8.0.2.app/Contents/Resources/NetBeans/java/modules/ext/spring-3.0/spring-instrument-3.2.7.RELEASE.jar:/Applications/NetBeans/NetBeans 8.0.2.app/Contents/Resources/NetBeans/java/modules/ext/spring-3.0/spring-instrument-tomcat-3.2.7.RELEASE.jar:/Applications/NetBeans/NetBeans 8.0.2.app/Contents/Resources/NetBeans/java/modules/ext/spring-3.0/spring-jdbc-3.2.7.RELEASE.jar:/Applications/NetBeans/NetBeans 8.0.2.app/Contents/Resources/NetBeans/java/modules/ext/spring-3.0/spring-jms-3.2.7.RELEASE.jar:/Applications/NetBeans/NetBeans 8.0.2.app/Contents/Resources/NetBeans/java/modules/ext/spring-3.0/spring-orm-3.2.7.RELEASE.jar:/Applications/NetBeans/NetBeans 8.0.2.app/Contents/Resources/NetBeans/java/modules/ext/spring-3.0/spring-oxm-3.2.7.RELEASE.jar:/Applications/NetBeans/NetBeans 8.0.2.app/Contents/Resources/NetBeans/java/modules/ext/spring-3.0/spring-struts-3.2.7.RELEASE.jar:/Applications/NetBeans/NetBeans 8.0.2.app/Contents/Resources/NetBeans/java/modules/ext/spring-3.0/spring-test-3.2.7.RELEASE.jar:/Applications/NetBeans/NetBeans 8.0.2.app/Contents/Resources/NetBeans/java/modules/ext/spring-3.0/spring-tx-3.2.7.RELEASE.jar:/Applications/NetBeans/NetBeans 8.0.2.app/Contents/Resources/NetBeans/java/modules/ext/spring-3.0/spring-web-3.2.7.RELEASE.jar:/Applications/NetBeans/NetBeans 8.0.2.app/Contents/Resources/NetBeans/java/modules/ext/spring-3.0/spring-webmvc-3.2.7.RELEASE.jar:/Applications/NetBeans/NetBeans 8.0.2.app/Contents/Resources/NetBeans/java/modules/ext/spring-3.0/spring-webmvc-portlet-3.2.7.RELEASE.jar" />
    <property name="libs.jsp-compiler.maven-pom" value="" />
    <property name="run.jvmargs" value="" />
    <property name="libs.hibernate4-persistence.classpath" value="/Applications/NetBeans/NetBeans 8.0.2.app/Contents/Resources/NetBeans/java/modules/ext/hibernate4/antlr-2.7.7.jar:/Applications/NetBeans/NetBeans 8.0.2.app/Contents/Resources/NetBeans/java/modules/ext/hibernate4/c3p0-0.9.2.1.jar:/Applications/NetBeans/NetBeans 8.0.2.app/Contents/Resources/NetBeans/java/modules/ext/hibernate4/hibernate-c3p0-4.3.1.Final.jar:/Applications/NetBeans/NetBeans 8.0.2.app/Contents/Resources/NetBeans/java/modules/ext/hibernate4/mchange-commons-java-0.2.3.4.jar:/Applications/NetBeans/NetBeans 8.0.2.app/Contents/Resources/NetBeans/java/modules/ext/hibernate4/dom4j-1.6.1.jar:/Applications/NetBeans/NetBeans 8.0.2.app/Contents/Resources/NetBeans/java/modules/ext/hibernate4/ehcache-core-2.4.3.jar:/Applications/NetBeans/NetBeans 8.0.2.app/Contents/Resources/NetBeans/java/modules/ext/hibernate4/hibernate-ehcache-4.3.1.Final.jar:/Applications/NetBeans/NetBeans 8.0.2.app/Contents/Resources/NetBeans/java/modules/ext/hibernate4/hibernate-core-4.3.1.Final.jar:/Applications/NetBeans/NetBeans 8.0.2.app/Contents/Resources/NetBeans/java/modules/ext/hibernate4/jboss-logging-3.1.3.GA.jar:/Applications/NetBeans/NetBeans 8.0.2.app/Contents/Resources/NetBeans/java/modules/ext/hibernate4/hibernate-commons-annotations-4.0.4.Final.jar:/Applications/NetBeans/NetBeans 8.0.2.app/Contents/Resources/NetBeans/java/modules/ext/hibernate4/hibernate-entitymanager-4.3.1.Final.jar:/Applications/NetBeans/NetBeans 8.0.2.app/Contents/Resources/NetBeans/java/modules/ext/hibernate4/javassist-3.18.1-GA.jar:/Applications/NetBeans/NetBeans 8.0.2.app/Contents/Resources/NetBeans/java/modules/ext/hibernate4/jboss-transaction-api_1.2_spec-1.0.0.Final.jar:/Applications/NetBeans/NetBeans 8.0.2.app/Contents/Resources/NetBeans/java/modules/ext/hibernate4/slf4j-api-1.6.1.jar:/Applications/NetBeans/NetBeans 8.0.2.app/Contents/Resources/NetBeans/java/modules/ext/hibernate4/slf4j-simple-1.6.1.jar:/Applications/NetBeans/NetBeans 8.0.2.app/Contents/Resources/NetBeans/java/modules/ext/hibernate4/hibernate-jpa-2.1-api-1.0.0.Final.jar" />
    <property name="dist.archive.excludes" value="" />
    <property name="libs.JAXB-ENDORSED.src" value="" />
    <property name="libs.testng.javadoc" value="/Applications/NetBeans/NetBeans 8.0.2.app/Contents/Resources/NetBeans/platform/docs/testng-6.8.1-javadoc.zip" />
    <property name="file.reference.netty-3.5.7.Final.jar" value="libs/netty-3.5.7.Final.jar" />
    <property name="platforms.JDK_1.8.home" value="/Library/Java/JavaVirtualMachines/jdk1.8.0_60.jdk/Contents/Home" />
    <property name="libs.PostgreSQLDriver.classpath" value="/Applications/NetBeans/NetBeans 8.0.2.app/Contents/Resources/NetBeans/ide/modules/ext/postgresql-9.2-1002.jdbc4.jar" />
    <property name="libs.jsf12.maven-pom" value="" />
    <property name="libs.hibernate4-persistencemodelgen.classpath" value="/Applications/NetBeans/NetBeans 8.0.2.app/Contents/Resources/NetBeans/java/modules/ext/hibernate4/hibernate-jpamodelgen-4.3.1.Final.jar" />
    <property name="libs.junit.src" value="" />
    <property name="annotation.processing.source.output" value="build/generated-sources/ap-source-output" />
    <property name="libs.CopyLibs.src" value="" />
    <property name="build.dir" value="build" />
    <property name="libs.jsp-compilation.classpath" value="/Applications/NetBeans/NetBeans 8.0.2.app/Contents/Resources/NetBeans/extide/ant/lib/ant.jar:/Applications/NetBeans/NetBeans 8.0.2.app/Contents/Resources/NetBeans/enterprise/modules/ext/servlet3.1-jsp2.3-api.jar:/Applications/NetBeans/NetBeans 8.0.2.app/Contents/Resources/NetBeans/enterprise/modules/ext/glassfish-jspparser-4.0.jar:/Applications/NetBeans/NetBeans 8.0.2.app/Contents/Resources/NetBeans/enterprise/modules/ext/jsf-2_2/javax.faces.jar:/Applications/NetBeans/NetBeans 8.0.2.app/Contents/Resources/NetBeans/enterprise/modules/ext/jstl-api.jar:/Applications/NetBeans/NetBeans 8.0.2.app/Contents/Resources/NetBeans/extide/ant/lib/ant-launcher.jar" />
    <property name="ant.version" value="Apache Ant(TM) version 1.9.4 compiled on April 29 2014" />
    <property name="libs.javaee-api-5.0.classpath" value="/Users/Yifan/Library/Application Support/NetBeans/8.0.2/modules/ext/javaee5.jar" />
    <property name="build.classes.excludes" value="**/*.java,**/*.form" />
    <property name="file.encoding" value="UTF-8" />
    <property name="javadoc.nonavbar" value="false" />
    <property name="libs.spring-webmvc4.0.classpath" value="/Applications/NetBeans/NetBeans 8.0.2.app/Contents/Resources/NetBeans/java/modules/ext/spring-4/spring-webmvc-4.0.1.RELEASE.jar" />
    <property name="platform.active" value="JDK_1.8" />
    <property name="awt.toolkit" value="sun.lwawt.macosx.LWCToolkit" />
    <property name="libs.javaee-web-api-7.0.javadoc" value="/Applications/NetBeans/NetBeans 8.0.2.app/Contents/Resources/NetBeans/enterprise/docs/javaee-doc-api.jar" />
  </properties>
  <testcase classname="Tests.OnlineStoreTest" name="testSearchBox" time="9.993" />
  <testcase classname="Tests.OnlineStoreTest" name="testBuy" time="11.163" />
  <testcase classname="Tests.OnlineStoreTest" name="testSearchProduct" time="10.354" />
  <testcase classname="Tests.OnlineStoreTest" name="testLoginSuccess" time="30.353" />
  <testcase classname="Tests.OnlineStoreTest" name="testRegisterText" time="13.218" />
  <testcase classname="Tests.OnlineStoreTest" name="testLoginFailure" time="8.664" />
  <testcase classname="Tests.OnlineStoreTest" name="testShowsCorrectTitle" time="8.745" />
  <testcase classname="Tests.OnlineStoreTest" name="testAddtoCart" time="11.672" />
  <testcase classname="Tests.OnlineStoreTest" name="testDirectedPage" time="8.778" />
  <system-out><![CDATA[]]></system-out>
  <system-err><![CDATA[1476933075199	geckodriver	INFO	Listening on 127.0.0.1:14153
十月 19, 2016 11:11:15 下午 org.openqa.selenium.remote.ProtocolHandshake createSession
信息: Attempting bi-dialect session, assuming Postel's Law holds true on the remote end
1476933075494	mozprofile::profile	INFO	Using profile path /var/folders/gy/m8whnd790fxc53n5wdys6f4r0000gn/T/rust_mozprofile.fo2XtQcV75rP
1476933075495	geckodriver::marionette	INFO	Starting browser /Applications/Firefox.app/Contents/MacOS/firefox-bin
1476933075499	geckodriver::marionette	INFO	Connecting to Marionette on localhost:54294
1476933076578	Marionette	INFO	Listening on port 54294
1476933078518	Marionette	INFO	startBrowser 11b3cfdb-cd51-354c-b850-9b2ca76342eb
十月 19, 2016 11:11:18 下午 org.openqa.selenium.remote.ProtocolHandshake createSession
信息: Detected dialect: W3C
[GFX1-]: Receive IPC close with reason=AbnormalShutdown
[Child 9408] ###!!! ABORT: Aborting on channel error.: file /builds/slave/m-rel-m64-00000000000000000000/build/src/ipc/glue/MessageChannel.cpp, line 2052
[Child 9408] ###!!! ABORT: Aborting on channel error.: file /builds/slave/m-rel-m64-00000000000000000000/build/src/ipc/glue/MessageChannel.cpp, line 2052
十月 19, 2016 11:11:24 下午 org.openqa.selenium.remote.ProtocolHandshake createSession
信息: Attempting bi-dialect session, assuming Postel's Law holds true on the remote end
1476933084156	geckodriver	INFO	Listening on 127.0.0.1:40727
1476933084171	mozprofile::profile	INFO	Using profile path /var/folders/gy/m8whnd790fxc53n5wdys6f4r0000gn/T/rust_mozprofile.JQxKvWJ7GsAj
1476933084173	geckodriver::marionette	INFO	Starting browser /Applications/Firefox.app/Contents/MacOS/firefox-bin
1476933084187	geckodriver::marionette	INFO	Connecting to Marionette on localhost:54392
1476933085698	Marionette	INFO	Listening on port 54392
1476933087722	Marionette	INFO	startBrowser 2d7346ef-195e-2547-ae97-52bc50280355
十月 19, 2016 11:11:28 下午 org.openqa.selenium.remote.ProtocolHandshake createSession
信息: Detected dialect: W3C
[Child 9423] ###!!! ABORT: Aborting on channel error.: file /builds/slave/m-rel-m64-00000000000000000000/build/src/ipc/glue/MessageChannel.cpp, line 2052
[Child 9423] ###!!! ABORT: Aborting on channel error.: file /builds/slave/m-rel-m64-00000000000000000000/build/src/ipc/glue/MessageChannel.cpp, line 2052
十月 19, 2016 11:11:35 下午 org.openqa.selenium.remote.ProtocolHandshake createSession
信息: Attempting bi-dialect session, assuming Postel's Law holds true on the remote end
1476933095299	geckodriver	INFO	Listening on 127.0.0.1:26913
1476933095303	mozprofile::profile	INFO	Using profile path /var/folders/gy/m8whnd790fxc53n5wdys6f4r0000gn/T/rust_mozprofile.UevJhLy00uEy
1476933095304	geckodriver::marionette	INFO	Starting browser /Applications/Firefox.app/Contents/MacOS/firefox-bin
1476933095308	geckodriver::marionette	INFO	Connecting to Marionette on localhost:54531
1476933096489	Marionette	INFO	Listening on port 54531
1476933098485	Marionette	INFO	startBrowser 1f07f174-33ec-ae48-b290-76aaedf9972b
十月 19, 2016 11:11:38 下午 org.openqa.selenium.remote.ProtocolHandshake createSession
信息: Detected dialect: W3C
[Child 9435] ###!!! ABORT: Aborting on channel error.: file /builds/slave/m-rel-m64-00000000000000000000/build/src/ipc/glue/MessageChannel.cpp, line 2052
[Child 9435] ###!!! ABORT: Aborting on channel error.: file /builds/slave/m-rel-m64-00000000000000000000/build/src/ipc/glue/MessageChannel.cpp, line 2052
1476933105653	geckodriver	INFO	Listening on 127.0.0.1:4088
十月 19, 2016 11:11:45 下午 org.openqa.selenium.remote.ProtocolHandshake createSession
信息: Attempting bi-dialect session, assuming Postel's Law holds true on the remote end
1476933105663	mozprofile::profile	INFO	Using profile path /var/folders/gy/m8whnd790fxc53n5wdys6f4r0000gn/T/rust_mozprofile.vwpS40aBfHqL
1476933105664	geckodriver::marionette	INFO	Starting browser /Applications/Firefox.app/Contents/MacOS/firefox-bin
1476933105666	geckodriver::marionette	INFO	Connecting to Marionette on localhost:54661
1476933106622	Marionette	INFO	Listening on port 54661
1476933108609	Marionette	INFO	startBrowser 5dd0a687-f0ce-de49-a9df-fe0035ac6326
十月 19, 2016 11:11:48 下午 org.openqa.selenium.remote.ProtocolHandshake createSession
信息: Detected dialect: W3C
[GFX1-]: Receive IPC close with reason=AbnormalShutdown
[Child 9452] WARNING: pipe error: Broken pipe: file /builds/slave/m-rel-m64-00000000000000000000/build/src/ipc/chromium/src/chrome/common/ipc_channel_posix.cc, line 677
[Child 9452] ###!!! ABORT: Aborting on channel error.: file /builds/slave/m-rel-m64-00000000000000000000/build/src/ipc/glue/MessageChannel.cpp, line 2052
[Child 9452] ###!!! ABORT: Aborting on channel error.: file /builds/slave/m-rel-m64-00000000000000000000/build/src/ipc/glue/MessageChannel.cpp, line 2052
1476933136000	geckodriver	INFO	Listening on 127.0.0.1:39453
十月 19, 2016 11:12:16 下午 org.openqa.selenium.remote.ProtocolHandshake createSession
信息: Attempting bi-dialect session, assuming Postel's Law holds true on the remote end
1476933136008	mozprofile::profile	INFO	Using profile path /var/folders/gy/m8whnd790fxc53n5wdys6f4r0000gn/T/rust_mozprofile.eRFitkNVUqe5
1476933136008	geckodriver::marionette	INFO	Starting browser /Applications/Firefox.app/Contents/MacOS/firefox-bin
1476933136010	geckodriver::marionette	INFO	Connecting to Marionette on localhost:54847
1476933136899	Marionette	INFO	Listening on port 54847
1476933138859	Marionette	INFO	startBrowser b24b6289-4e42-aa49-8b65-710a3ad6f5db
十月 19, 2016 11:12:19 下午 org.openqa.selenium.remote.ProtocolHandshake createSession
信息: Detected dialect: W3C
[Child 9466] ###!!! ABORT: Aborting on channel error.: file /builds/slave/m-rel-m64-00000000000000000000/build/src/ipc/glue/MessageChannel.cpp, line 2052
[Child 9466] ###!!! ABORT: Aborting on channel error.: file /builds/slave/m-rel-m64-00000000000000000000/build/src/ipc/glue/MessageChannel.cpp, line 2052
1476933149224	geckodriver	INFO	Listening on 127.0.0.1:12626
十月 19, 2016 11:12:29 下午 org.openqa.selenium.remote.ProtocolHandshake createSession
信息: Attempting bi-dialect session, assuming Postel's Law holds true on the remote end
1476933149229	mozprofile::profile	INFO	Using profile path /var/folders/gy/m8whnd790fxc53n5wdys6f4r0000gn/T/rust_mozprofile.95z16KRhXfRv
1476933149231	geckodriver::marionette	INFO	Starting browser /Applications/Firefox.app/Contents/MacOS/firefox-bin
1476933149233	geckodriver::marionette	INFO	Connecting to Marionette on localhost:54990
1476933150289	Marionette	INFO	Listening on port 54990
1476933152188	Marionette	INFO	startBrowser 987c1b67-6fcc-a44b-8dd9-16a6b8146e9e
十月 19, 2016 11:12:32 下午 org.openqa.selenium.remote.ProtocolHandshake createSession
信息: Detected dialect: W3C
[Child 9492] ###!!! ABORT: Aborting on channel error.: file /builds/slave/m-rel-m64-00000000000000000000/build/src/ipc/glue/MessageChannel.cpp, line 2052
[Child 9492] ###!!! ABORT: Aborting on channel error.: file /builds/slave/m-rel-m64-00000000000000000000/build/src/ipc/glue/MessageChannel.cpp, line 2052
十月 19, 2016 11:12:37 下午 org.openqa.selenium.remote.ProtocolHandshake createSession
信息: Attempting bi-dialect session, assuming Postel's Law holds true on the remote end
1476933157916	geckodriver	INFO	Listening on 127.0.0.1:14105
1476933157925	mozprofile::profile	INFO	Using profile path /var/folders/gy/m8whnd790fxc53n5wdys6f4r0000gn/T/rust_mozprofile.Cl8VXZ3e72Nv
1476933157926	geckodriver::marionette	INFO	Starting browser /Applications/Firefox.app/Contents/MacOS/firefox-bin
1476933157934	geckodriver::marionette	INFO	Connecting to Marionette on localhost:55105
1476933159131	Marionette	INFO	Listening on port 55105
1476933160890	Marionette	INFO	startBrowser a8b5516a-5c34-514a-adc1-65f306b573bf
十月 19, 2016 11:12:41 下午 org.openqa.selenium.remote.ProtocolHandshake createSession
信息: Detected dialect: W3C
[Child 9502] ###!!! ABORT: Aborting on channel error.: file /builds/slave/m-rel-m64-00000000000000000000/build/src/ipc/glue/MessageChannel.cpp, line 2052
[Child 9502] ###!!! ABORT: Aborting on channel error.: file /builds/slave/m-rel-m64-00000000000000000000/build/src/ipc/glue/MessageChannel.cpp, line 2052
十月 19, 2016 11:12:46 下午 org.openqa.selenium.remote.ProtocolHandshake createSession
信息: Attempting bi-dialect session, assuming Postel's Law holds true on the remote end
1476933166656	geckodriver	INFO	Listening on 127.0.0.1:6297
1476933166663	mozprofile::profile	INFO	Using profile path /var/folders/gy/m8whnd790fxc53n5wdys6f4r0000gn/T/rust_mozprofile.JEbwx1vjU1tE
1476933166664	geckodriver::marionette	INFO	Starting browser /Applications/Firefox.app/Contents/MacOS/firefox-bin
1476933166678	geckodriver::marionette	INFO	Connecting to Marionette on localhost:55198
1476933167820	Marionette	INFO	Listening on port 55198
1476933169792	Marionette	INFO	startBrowser 560efb28-9270-4844-901e-2b90cfd7a820
十月 19, 2016 11:12:50 下午 org.openqa.selenium.remote.ProtocolHandshake createSession
信息: Detected dialect: W3C
[GFX1-]: Receive IPC close with reason=AbnormalShutdown
[Child 9517] ###!!! ABORT: Aborting on channel error.: file /builds/slave/m-rel-m64-00000000000000000000/build/src/ipc/glue/MessageChannel.cpp, line 2052
[Child 9517] ###!!! ABORT: Aborting on channel error.: file /builds/slave/m-rel-m64-00000000000000000000/build/src/ipc/glue/MessageChannel.cpp, line 2052
十月 19, 2016 11:12:58 下午 org.openqa.selenium.remote.ProtocolHandshake createSession
信息: Attempting bi-dialect session, assuming Postel's Law holds true on the remote end
1476933178304	geckodriver	INFO	Listening on 127.0.0.1:36307
1476933178312	mozprofile::profile	INFO	Using profile path /var/folders/gy/m8whnd790fxc53n5wdys6f4r0000gn/T/rust_mozprofile.yoC7jBiaKmr7
1476933178313	geckodriver::marionette	INFO	Starting browser /Applications/Firefox.app/Contents/MacOS/firefox-bin
1476933178315	geckodriver::marionette	INFO	Connecting to Marionette on localhost:55367
1476933179172	Marionette	INFO	Listening on port 55367
1476933181087	Marionette	INFO	startBrowser 6549d194-6904-6b43-9494-859759f39928
十月 19, 2016 11:13:01 下午 org.openqa.selenium.remote.ProtocolHandshake createSession
信息: Detected dialect: W3C
[Child 9534] ###!!! ABORT: Aborting on channel error.: file /builds/slave/m-rel-m64-00000000000000000000/build/src/ipc/glue/MessageChannel.cpp, line 2052
[Child 9534] ###!!! ABORT: Aborting on channel error.: file /builds/slave/m-rel-m64-00000000000000000000/build/src/ipc/glue/MessageChannel.cpp, line 2052
]]></system-err>
</testsuite>
